19:28:14.131 [main                     ] DEBUG Logger               - Configured Logger
19:28:14.152 [main                     ] DEBUG GameApplication      - Logging settings
Title: Pong
Version: 1.0
Width: 800
Height: 600
Fullscreen: false
Intro: false
Profiling: false
Single step:false
App Mode: DEBUG
Menu Key: ESCAPE
Stage Style: DECORATED
Scene Factory: class com.almasb.fxgl.app.scene.SceneFactory

19:28:14.445 [JavaFX Application Thread] DEBUG FXGLApplication      - Initializing FXGL
19:28:14.450 [JavaFX Application Thread] INFO  Engine               - FXGL-11.11 (08.09.2020 18.00) on WINDOWS (J:11.0.12 FX:14)
19:28:14.450 [JavaFX Application Thread] DEBUG Engine               - JRE Vendor Name: Microsoft
19:28:14.451 [JavaFX Application Thread] DEBUG Engine               - Running on OS: Windows 10 version 10.0
19:28:14.451 [JavaFX Application Thread] DEBUG Engine               - Architecture: amd64
19:28:14.451 [JavaFX Application Thread] INFO  Engine               - Source code and latest versions at: https://github.com/AlmasB/FXGL
19:28:14.451 [JavaFX Application Thread] INFO  Engine               -              Join the FXGL chat at: https://gitter.im/AlmasB/FXGL
19:28:14.524 [JavaFX Application Thread] DEBUG MainWindow           - Creating a JavaFX scene
19:28:14.571 [JavaFX Application Thread] DEBUG MainWindow           - Target settings size: 800.0 x 600.0
19:28:14.571 [JavaFX Application Thread] DEBUG MainWindow           - Scaled scene size:    800.0 x 600.0
19:28:14.571 [JavaFX Application Thread] DEBUG MainWindow           - Scaled ratio: (1.0, 1.0)
19:28:14.572 [JavaFX Application Thread] DEBUG MainWindow           - Set initial scene to StartupScene
19:28:14.576 [JavaFX Application Thread] DEBUG MainWindow           - Opening main window
19:28:14.639 [JavaFX Application Thread] DEBUG MainWindow           - Window border size: (16.0, 39.0)
19:28:14.639 [JavaFX Application Thread] DEBUG MainWindow           - Scaled size: 800.0 x 600.0
19:28:14.640 [JavaFX Application Thread] DEBUG MainWindow           - Scaled ratio: (1.0, 1.0)
19:28:14.640 [JavaFX Application Thread] DEBUG MainWindow           - Scene size: 800.0 x 600.0
19:28:14.640 [JavaFX Application Thread] DEBUG MainWindow           - Stage size: 816.0 x 639.0
19:28:14.645 [FXGL Background Thread 1 ] DEBUG Engine               - Initializing environment variables
19:28:14.671 [FXGL Background Thread 1 ] DEBUG GameApplicationServi - Applying CSS: fxgl_dark.css
19:28:14.672 [FXGL Background Thread 1 ] DEBUG FXGLAssetLoaderServi - Loading from file system: /assets/ui/css/fxgl_dark.css
19:28:14.715 [FXGL Background Thread 1 ] DEBUG GameApplicationServi - Initializing application scenes
19:28:14.746 [FXGL Background Thread 1 ] DEBUG GameWorld            - Game world initialized
19:28:14.787 [FXGL Background Thread 1 ] DEBUG PhysicsWorld         - Physics world initialized: appHeight=600, physics.ppm=50.0
19:28:14.788 [FXGL Background Thread 1 ] DEBUG GameScene            - Game scene initialized: 800x600
19:28:14.807 [FXGL Background Thread 1 ] DEBUG FXGLAssetLoaderServi - Loading from file system: /assets/textures/particles/trace_horizontal.png
19:28:14.845 [FXGL Background Thread 1 ] DEBUG FXGL.DefaultMenu     - createMenuBodyGameMenu()
19:28:14.857 [FXGL Background Thread 1 ] DEBUG FXGL.DefaultMenu     - createOptionsMenu()
19:28:14.861 [FXGL Background Thread 1 ] DEBUG FXGLAssetLoaderServi - Loading from file system: /assets/textures/particles/smoke.png
19:28:14.909 [FXGL Background Thread 1 ] DEBUG GameApplicationServi - Application scenes initialized
19:28:14.916 [FXGL Background Thread 1 ] DEBUG SystemBundleService  - Loading FXGL system data
19:28:14.919 [FXGL Background Thread 1 ] DEBUG FileSystemAccess     - Reading from: C:\Users\poppy\3rd year\CI628-PongServer-master\system\fxgl.bundle
19:28:14.923 [FXGL Background Thread 1 ] DEBUG SystemBundleService  - Bundle FXGL: {}
19:28:14.923 [FXGL Background Thread 1 ] DEBUG UpdaterService       - Checking for updates
19:28:14.928 [FXGL Background Thread 4 ] DEBUG FXGLApplication      - Loading fonts
19:28:14.928 [FXGL Background Thread 4 ] DEBUG FXGLAssetLoaderServi - Loading from file system: /assets/ui/fonts/pong.ttf
19:28:14.928 [FXGL Background Thread 1 ] DEBUG FXGLApplication      - Loading default localization
19:28:14.929 [FXGL Background Thread 1 ] DEBUG FXGLAssetLoaderServi - Loading from file system: /assets/languages/english.lang
19:28:14.942 [FXGL Background Thread 1 ] INFO  FXGLApplication      - FXGL initialization took: 0.297 sec
19:28:14.952 [JavaFX Application Thread] DEBUG Input                - Registered new binding: Up1 - W
19:28:14.952 [JavaFX Application Thread] DEBUG Input                - Registered new binding: Down1 - S
19:28:14.952 [JavaFX Application Thread] DEBUG Input                - Registered new binding: Left1 - A
19:28:14.953 [JavaFX Application Thread] DEBUG Input                - Registered new binding: Right1 - D
19:28:14.953 [JavaFX Application Thread] DEBUG Input                - Registered new binding: Up2 - I
19:28:14.953 [JavaFX Application Thread] DEBUG Input                - Registered new binding: Down2 - K
19:28:14.953 [JavaFX Application Thread] DEBUG Input                - Registered new binding: Left2 - J
19:28:14.953 [JavaFX Application Thread] DEBUG Input                - Registered new binding: Right2 - L
19:28:14.954 [JavaFX Application Thread] DEBUG Input                - Registered new binding: Up3 - T
19:28:14.954 [JavaFX Application Thread] DEBUG Input                - Registered new binding: Down3 - G
19:28:14.954 [JavaFX Application Thread] DEBUG Input                - Registered new binding: Left3 - F
19:28:14.954 [JavaFX Application Thread] DEBUG Input                - Registered new binding: Right3 - H
19:28:14.954 [JavaFX Application Thread] DEBUG FXGLAssetLoaderServi - Loading from file system: /assets/textures/fxgl_icon.png
19:28:14.973 [JavaFX Application Thread] DEBUG FXGLAssetLoaderServi - Loading from file system: /assets/ui/cursors/fxgl_default.png
19:28:14.975 [JavaFX Application Thread] DEBUG Input                - Registered new binding: Screenshot - P
19:28:14.976 [JavaFX Application Thread] DEBUG Input                - Registered new binding: System info dump - CTRL+9
19:28:14.976 [JavaFX Application Thread] DEBUG Input                - Registered new binding: Restart - CTRL+R
19:28:14.976 [JavaFX Application Thread] DEBUG Input                - Registered new binding: Toggle Debug Camera - CTRL+C
19:28:14.978 [JavaFX Application Thread] DEBUG LoopRunner           - Starting loop
19:28:14.978 [JavaFX Application Thread] DEBUG GameApplicationServi - Starting new game
19:28:14.979 [JavaFX Application Thread] DEBUG Input                - Clearing active input actions
19:28:14.988 [JavaFX Application Thread] DEBUG GameApplicationServi - Removing overlay from StartupScene and adding to FXGLLoadingScene
19:28:14.988 [JavaFX Application Thread] DEBUG MainWindow           - StartupScene -> FXGLLoadingScene
19:28:14.988 [JavaFX Application Thread] DEBUG GameApplicationServi - Clearing previous game
19:28:14.989 [JavaFX Application Thread] DEBUG GameScene            - Clearing game scene
19:28:14.989 [JavaFX Application Thread] DEBUG GameWorld            - Clearing game world
19:28:14.989 [JavaFX Application Thread] DEBUG PhysicsWorld         - Clearing physics world
19:28:14.990 [FXGL Background Thread 1 ] DEBUG FXGLApplication      - Initializing game
19:28:15.097 [FXGL Background Thread 1 ] DEBUG FXGLAssetLoaderServi - Loading from file system: /assets/ui/main.fxml
19:28:15.100 [Thread-3                 ] DEBUG TCPServer            - Starting to listen at: 55555 type: class java.lang.String
19:28:15.124 [FXGL Background Thread 4 ] DEBUG FXGLAssetLoaderServi - Loading from file system: /assets/ui/fonts/Abel-Regular.ttf
19:28:15.128 [FXGL Background Thread 4 ] DEBUG FXGLAssetLoaderServi - Loading from file system: /assets/ui/fonts/lucida_console.ttf
19:28:15.134 [FXGL Background Thread 4 ] DEBUG FXGLAssetLoaderServi - Loading from file system: /assets/ui/fonts/Courier-Prime.ttf
19:28:15.140 [JavaFX Application Thread] DEBUG FXGLApplication      - Registering font factories with UI factory
19:28:15.146 [FXGL Background Thread 1 ] INFO  FXGLApplication      - Game initialization took: 0.157 sec
19:28:15.147 [JavaFX Application Thread] DEBUG Input                - Clearing active input actions
19:28:15.158 [JavaFX Application Thread] DEBUG GameApplicationServi - Removing overlay from FXGLLoadingScene and adding to GameScene
19:28:15.159 [JavaFX Application Thread] DEBUG MainWindow           - FXGLLoadingScene -> GameScene
19:28:15.516 [FXGL Background Thread 2 ] INFO  UpdaterService       - Your current version:  11.11
19:28:15.516 [FXGL Background Thread 2 ] INFO  UpdaterService       - Latest stable version: 21+dev-SNAPSHOT
19:28:17.927 [FXGL Background Thread 3 ] DEBUG Engine               - Logging environment variables
19:28:17.928 [FXGL Background Thread 3 ] DEBUG Engine               - achievements: []
19:28:17.928 [FXGL Background Thread 3 ] DEBUG Engine               - appIcon: fxgl_icon.png
19:28:17.928 [FXGL Background Thread 3 ] DEBUG Engine               - applicationMode: DEBUG
19:28:17.928 [FXGL Background Thread 3 ] DEBUG Engine               - cSSList: [fxgl_dark.css]
19:28:17.928 [FXGL Background Thread 3 ] DEBUG Engine               - configClass: Optional.empty
19:28:17.928 [FXGL Background Thread 3 ] DEBUG Engine               - credits: []
19:28:17.928 [FXGL Background Thread 3 ] DEBUG Engine               - devBBoxColorProperty: ObjectProperty [value: 0xff0000ff]
19:28:17.928 [FXGL Background Thread 3 ] DEBUG Engine               - devEnableDebugCameraProperty: BooleanProperty [value: false]
19:28:17.928 [FXGL Background Thread 3 ] DEBUG Engine               - devSensorColorProperty: ObjectProperty [value: 0xffff00ff]
19:28:17.928 [FXGL Background Thread 3 ] DEBUG Engine               - devShowBBoxProperty: BooleanProperty [value: false]
19:28:17.929 [FXGL Background Thread 3 ] DEBUG Engine               - devShowPositionProperty: BooleanProperty [value: false]
19:28:17.929 [FXGL Background Thread 3 ] DEBUG Engine               - enabledMenuItems: []
19:28:17.929 [FXGL Background Thread 3 ] DEBUG Engine               - engineServices: [class com.almasb.fxgl.app.FXGLApplication$GameApplicationService, class com.almasb.fxgl.app.services.FXGLDialogService, class com.almasb.fxgl.app.services.IOTaskExecutorService, class com.almasb.fxgl.event.EventBusService, class com.almasb.fxgl.io.FileSystemService, class com.almasb.fxgl.localization.LocalizationService, class com.almasb.fxgl.app.services.FXGLAssetLoaderService, class com.almasb.fxgl.app.services.SystemBundleService, class com.almasb.fxgl.profile.SaveLoadService, class com.almasb.fxgl.ui.FXGLUIFactoryServiceProvider, class com.almasb.fxgl.ui.FXGLDialogFactoryServiceProvider, class com.almasb.fxgl.audio.AudioPlayer, class com.almasb.fxgl.notification.impl.NotificationServiceProvider, class com.almasb.fxgl.achievement.AchievementService, class com.almasb.fxgl.cutscene.CutsceneService, class com.almasb.fxgl.minigames.MiniGameService, class com.almasb.fxgl.net.NetService, class com.almasb.fxgl.app.services.UpdaterService, class com.almasb.fxgl.dev.DevService]
19:28:17.929 [FXGL Background Thread 3 ] DEBUG Engine               - fontGame: Abel-Regular.ttf
19:28:17.929 [FXGL Background Thread 3 ] DEBUG Engine               - fontMono: lucida_console.ttf
19:28:17.929 [FXGL Background Thread 3 ] DEBUG Engine               - fontText: Courier-Prime.ttf
19:28:17.929 [FXGL Background Thread 3 ] DEBUG Engine               - fontUI: pong.ttf
19:28:17.929 [FXGL Background Thread 3 ] DEBUG Engine               - fullScreen: BooleanProperty [value: false]
19:28:17.929 [FXGL Background Thread 3 ] DEBUG Engine               - gameDifficulty: MEDIUM
19:28:17.929 [FXGL Background Thread 3 ] DEBUG Engine               - gameDifficultyProperty: ObjectProperty [value: MEDIUM]
19:28:17.929 [FXGL Background Thread 3 ] DEBUG Engine               - globalMusicVolume: 0.5
19:28:17.929 [FXGL Background Thread 3 ] DEBUG Engine               - globalMusicVolumeProperty: DoubleProperty [value: 0.5]
19:28:17.929 [FXGL Background Thread 3 ] DEBUG Engine               - globalSoundVolume: 0.5
19:28:17.930 [FXGL Background Thread 3 ] DEBUG Engine               - globalSoundVolumeProperty: DoubleProperty [value: 0.5]
19:28:17.930 [FXGL Background Thread 3 ] DEBUG Engine               - height: 600
19:28:17.930 [FXGL Background Thread 3 ] DEBUG Engine               - isAndroid: false
19:28:17.930 [FXGL Background Thread 3 ] DEBUG Engine               - isBrowser: false
19:28:17.930 [FXGL Background Thread 3 ] DEBUG Engine               - isClickFeedbackEnabled: false
19:28:17.930 [FXGL Background Thread 3 ] DEBUG Engine               - isCloseConfirmation: false
19:28:17.930 [FXGL Background Thread 3 ] DEBUG Engine               - isDesktop: true
19:28:17.930 [FXGL Background Thread 3 ] DEBUG Engine               - isDeveloperMenuEnabled: false
19:28:17.930 [FXGL Background Thread 3 ] DEBUG Engine               - isEntityPreloadEnabled: true
19:28:17.930 [FXGL Background Thread 3 ] DEBUG Engine               - isExperimentalNative: false
19:28:17.930 [FXGL Background Thread 3 ] DEBUG Engine               - isExperimentalTiledLargeMap: false
19:28:17.930 [FXGL Background Thread 3 ] DEBUG Engine               - isFileSystemWriteAllowed: true
19:28:17.930 [FXGL Background Thread 3 ] DEBUG Engine               - isFullScreenAllowed: false
19:28:17.930 [FXGL Background Thread 3 ] DEBUG Engine               - isFullScreenFromStart: false
19:28:17.931 [FXGL Background Thread 3 ] DEBUG Engine               - isGameMenuEnabled: true
19:28:17.931 [FXGL Background Thread 3 ] DEBUG Engine               - isIOS: false
19:28:17.931 [FXGL Background Thread 3 ] DEBUG Engine               - isIntroEnabled: false
19:28:17.931 [FXGL Background Thread 3 ] DEBUG Engine               - isLinux: false
19:28:17.931 [FXGL Background Thread 3 ] DEBUG Engine               - isMac: false
19:28:17.931 [FXGL Background Thread 3 ] DEBUG Engine               - isMainMenuEnabled: false
19:28:17.931 [FXGL Background Thread 3 ] DEBUG Engine               - isManualResizeEnabled: false
19:28:17.931 [FXGL Background Thread 3 ] DEBUG Engine               - isMobile: false
19:28:17.931 [FXGL Background Thread 3 ] DEBUG Engine               - isPreserveResizeRatio: false
19:28:17.931 [FXGL Background Thread 3 ] DEBUG Engine               - isProfilingEnabled: false
19:28:17.931 [FXGL Background Thread 3 ] DEBUG Engine               - isSingleStep: false
19:28:17.932 [FXGL Background Thread 3 ] DEBUG Engine               - isUserProfileEnabled: false
19:28:17.932 [FXGL Background Thread 3 ] DEBUG Engine               - isWindows: true
19:28:17.932 [FXGL Background Thread 3 ] DEBUG Engine               - language: ObjectProperty [value: ENGLISH]
19:28:17.932 [FXGL Background Thread 3 ] DEBUG Engine               - menuKey: ESCAPE
19:28:17.932 [FXGL Background Thread 3 ] DEBUG Engine               - notificationViewClass: class com.almasb.fxgl.notification.view.XboxNotificationView
19:28:17.932 [FXGL Background Thread 3 ] DEBUG Engine               - pixelsPerMeter: 50.0
19:28:17.932 [FXGL Background Thread 3 ] DEBUG Engine               - platform: WINDOWS
19:28:17.932 [FXGL Background Thread 3 ] DEBUG Engine               - profileDir: profiles/
19:28:17.932 [FXGL Background Thread 3 ] DEBUG Engine               - profileName: StringProperty [value: DEFAULT]
19:28:17.932 [FXGL Background Thread 3 ] DEBUG Engine               - randomSeed: -1
19:28:17.932 [FXGL Background Thread 3 ] DEBUG Engine               - runtimeInfo: RuntimeInfo(platform=WINDOWS, version=11.11, build=08.09.2020 18.00)
19:28:17.932 [FXGL Background Thread 3 ] DEBUG Engine               - saveFileExt: sav
19:28:17.932 [FXGL Background Thread 3 ] DEBUG Engine               - sceneFactory: com.almasb.fxgl.app.scene.SceneFactory@4c160f38
19:28:17.933 [FXGL Background Thread 3 ] DEBUG Engine               - secondsIn24h: 60
19:28:17.933 [FXGL Background Thread 3 ] DEBUG Engine               - soundMenuBack: menu/back.wav
19:28:17.933 [FXGL Background Thread 3 ] DEBUG Engine               - soundMenuPress: menu/press.wav
19:28:17.933 [FXGL Background Thread 3 ] DEBUG Engine               - soundMenuSelect: menu/select.wav
19:28:17.933 [FXGL Background Thread 3 ] DEBUG Engine               - soundNotification: core/notification.wav
19:28:17.933 [FXGL Background Thread 3 ] DEBUG Engine               - stageStyle: DECORATED
19:28:17.933 [FXGL Background Thread 3 ] DEBUG Engine               - supportedLanguages: [ENGLISH, FRENCH, GERMAN, HUNGARIAN, RUSSIAN]
19:28:17.933 [FXGL Background Thread 3 ] DEBUG Engine               - title: Pong
19:28:17.933 [FXGL Background Thread 3 ] DEBUG Engine               - urlGithub: https://github.com/AlmasB/FXGL
19:28:17.933 [FXGL Background Thread 3 ] DEBUG Engine               - urlLeaderboard: http://fxgl-top.herokuapp.com/
19:28:17.933 [FXGL Background Thread 3 ] DEBUG Engine               - urlPOM: https://raw.githubusercontent.com/AlmasB/FXGL/master/pom.xml
19:28:17.933 [FXGL Background Thread 3 ] DEBUG Engine               - version: 1.0
19:28:17.933 [FXGL Background Thread 3 ] DEBUG Engine               - versionCheckDays: 7
19:28:17.933 [FXGL Background Thread 3 ] DEBUG Engine               - width: 800
19:28:17.933 [FXGL Background Thread 3 ] DEBUG Engine               - Logging services
19:28:17.933 [FXGL Background Thread 3 ] DEBUG Engine               - class com.almasb.fxgl.app.FXGLApplication$GameApplicationService
19:28:17.934 [FXGL Background Thread 3 ] DEBUG Engine               - class com.almasb.fxgl.app.services.FXGLDialogService
19:28:17.934 [FXGL Background Thread 3 ] DEBUG Engine               - class com.almasb.fxgl.app.services.IOTaskExecutorService
19:28:17.934 [FXGL Background Thread 3 ] DEBUG Engine               - class com.almasb.fxgl.event.EventBusService
19:28:17.934 [FXGL Background Thread 3 ] DEBUG Engine               - class com.almasb.fxgl.io.FileSystemService
19:28:17.934 [FXGL Background Thread 3 ] DEBUG Engine               - class com.almasb.fxgl.localization.LocalizationService
19:28:17.934 [FXGL Background Thread 3 ] DEBUG Engine               - class com.almasb.fxgl.app.services.FXGLAssetLoaderService
19:28:17.934 [FXGL Background Thread 3 ] DEBUG Engine               - class com.almasb.fxgl.app.services.SystemBundleService
19:28:17.934 [FXGL Background Thread 3 ] DEBUG Engine               - class com.almasb.fxgl.profile.SaveLoadService
19:28:17.934 [FXGL Background Thread 3 ] DEBUG Engine               - class com.almasb.fxgl.ui.FXGLUIFactoryServiceProvider
19:28:17.934 [FXGL Background Thread 3 ] DEBUG Engine               - class com.almasb.fxgl.ui.FXGLDialogFactoryServiceProvider
19:28:17.934 [FXGL Background Thread 3 ] DEBUG Engine               - class com.almasb.fxgl.audio.AudioPlayer
19:28:17.934 [FXGL Background Thread 3 ] DEBUG Engine               - class com.almasb.fxgl.notification.impl.NotificationServiceProvider
19:28:17.935 [FXGL Background Thread 3 ] DEBUG Engine               - class com.almasb.fxgl.achievement.AchievementService
19:28:17.935 [FXGL Background Thread 3 ] DEBUG Engine               - class com.almasb.fxgl.cutscene.CutsceneService
19:28:17.935 [FXGL Background Thread 3 ] DEBUG Engine               - class com.almasb.fxgl.minigames.MiniGameService
19:28:17.935 [FXGL Background Thread 3 ] DEBUG Engine               - class com.almasb.fxgl.net.NetService
19:28:17.935 [FXGL Background Thread 3 ] DEBUG Engine               - class com.almasb.fxgl.app.services.UpdaterService
19:28:17.935 [FXGL Background Thread 3 ] DEBUG Engine               - class com.almasb.fxgl.dev.DevService
19:28:20.160 [Thread-3                 ] DEBUG Endpoint             - TCPServer opening new connection (1) from /127.0.0.1:55070 type: class java.lang.String
19:28:20.167 [Thread-3                 ] DEBUG Endpoint             - TCPServer successfully opened connection (1)
19:28:20.172 [TCPServer_SendThread-1   ] DEBUG Writers              - Getting TCPMessageWriter for class java.lang.String
19:28:20.173 [TCPServer_RecvThread-1   ] DEBUG Readers              - Getting TCPMessageReader for class java.lang.String
19:28:20.174 [TCPServer_SendThread-1   ] DEBUG Writers              - Constructed TCPMessageWriter for class java.lang.String: MessageWriterS
19:28:20.174 [TCPServer_RecvThread-1   ] DEBUG Readers              - Constructed MessageReader for class java.lang.String: MessageReaderS
19:28:28.495 [JavaFX Application Thread] DEBUG FXGLApplication      - Exiting FXGL
19:28:28.495 [JavaFX Application Thread] DEBUG LoopRunner           - Stopping loop
19:28:28.495 [JavaFX Application Thread] DEBUG SystemBundleService  - Saving FXGL system data
19:28:28.498 [JavaFX Application Thread] DEBUG FileSystemAccess     - Writing to: C:\Users\poppy\3rd year\CI628-PongServer-master\system\fxgl.bundle
19:28:28.499 [JavaFX Application Thread] DEBUG Async                - Shutting down background threads
19:28:28.499 [JavaFX Application Thread] DEBUG MainWindow           - Closing main window
19:28:28.507 [JavaFX Application Thread] DEBUG Logger               - Closing Logger
