17:49:34.041 [main                     ] DEBUG Logger               - Configured Logger
17:49:34.063 [main                     ] DEBUG GameApplication      - Logging settings
Title: Pong
Version: 1.0
Width: 800
Height: 600
Fullscreen: false
Intro: false
Profiling: false
Single step:false
App Mode: DEBUG
Menu Key: ESCAPE
Stage Style: DECORATED
Scene Factory: class com.almasb.fxgl.app.scene.SceneFactory

17:49:34.367 [JavaFX Application Thread] DEBUG FXGLApplication      - Initializing FXGL
17:49:34.372 [JavaFX Application Thread] INFO  Engine               - FXGL-11.11 (08.09.2020 18.00) on WINDOWS (J:11.0.12 FX:14)
17:49:34.372 [JavaFX Application Thread] DEBUG Engine               - JRE Vendor Name: Microsoft
17:49:34.372 [JavaFX Application Thread] DEBUG Engine               - Running on OS: Windows 10 version 10.0
17:49:34.373 [JavaFX Application Thread] DEBUG Engine               - Architecture: amd64
17:49:34.373 [JavaFX Application Thread] INFO  Engine               - Source code and latest versions at: https://github.com/AlmasB/FXGL
17:49:34.373 [JavaFX Application Thread] INFO  Engine               -              Join the FXGL chat at: https://gitter.im/AlmasB/FXGL
17:49:34.444 [JavaFX Application Thread] DEBUG MainWindow           - Creating a JavaFX scene
17:49:34.492 [JavaFX Application Thread] DEBUG MainWindow           - Target settings size: 800.0 x 600.0
17:49:34.493 [JavaFX Application Thread] DEBUG MainWindow           - Scaled scene size:    800.0 x 600.0
17:49:34.493 [JavaFX Application Thread] DEBUG MainWindow           - Scaled ratio: (1.0, 1.0)
17:49:34.494 [JavaFX Application Thread] DEBUG MainWindow           - Set initial scene to StartupScene
17:49:34.498 [JavaFX Application Thread] DEBUG MainWindow           - Opening main window
17:49:34.561 [JavaFX Application Thread] DEBUG MainWindow           - Window border size: (16.0, 39.0)
17:49:34.561 [JavaFX Application Thread] DEBUG MainWindow           - Scaled size: 800.0 x 600.0
17:49:34.561 [JavaFX Application Thread] DEBUG MainWindow           - Scaled ratio: (1.0, 1.0)
17:49:34.561 [JavaFX Application Thread] DEBUG MainWindow           - Scene size: 800.0 x 600.0
17:49:34.561 [JavaFX Application Thread] DEBUG MainWindow           - Stage size: 816.0 x 639.0
17:49:34.568 [FXGL Background Thread 1 ] DEBUG Engine               - Initializing environment variables
17:49:34.592 [FXGL Background Thread 1 ] DEBUG GameApplicationServi - Applying CSS: fxgl_dark.css
17:49:34.593 [FXGL Background Thread 1 ] DEBUG FXGLAssetLoaderServi - Loading from file system: /assets/ui/css/fxgl_dark.css
17:49:34.641 [FXGL Background Thread 1 ] DEBUG GameApplicationServi - Initializing application scenes
17:49:34.673 [FXGL Background Thread 1 ] DEBUG GameWorld            - Game world initialized
17:49:34.714 [FXGL Background Thread 1 ] DEBUG PhysicsWorld         - Physics world initialized: appHeight=600, physics.ppm=50.0
17:49:34.716 [FXGL Background Thread 1 ] DEBUG GameScene            - Game scene initialized: 800x600
17:49:34.739 [FXGL Background Thread 1 ] DEBUG FXGLAssetLoaderServi - Loading from file system: /assets/textures/particles/trace_horizontal.png
17:49:34.778 [FXGL Background Thread 1 ] DEBUG FXGL.DefaultMenu     - createMenuBodyGameMenu()
17:49:34.790 [FXGL Background Thread 1 ] DEBUG FXGL.DefaultMenu     - createOptionsMenu()
17:49:34.795 [FXGL Background Thread 1 ] DEBUG FXGLAssetLoaderServi - Loading from file system: /assets/textures/particles/smoke.png
17:49:34.836 [FXGL Background Thread 1 ] DEBUG GameApplicationServi - Application scenes initialized
17:49:34.845 [FXGL Background Thread 1 ] DEBUG SystemBundleService  - Loading FXGL system data
17:49:34.848 [FXGL Background Thread 1 ] DEBUG FileSystemAccess     - Reading from: C:\Users\poppy\3rd year\CI628-PongServer-master\system\fxgl.bundle
17:49:34.853 [FXGL Background Thread 1 ] DEBUG SystemBundleService  - Bundle FXGL: {}
17:49:34.853 [FXGL Background Thread 1 ] DEBUG UpdaterService       - Checking for updates
17:49:34.856 [FXGL Background Thread 4 ] DEBUG FXGLApplication      - Loading fonts
17:49:34.857 [FXGL Background Thread 4 ] DEBUG FXGLAssetLoaderServi - Loading from file system: /assets/ui/fonts/pong.ttf
17:49:34.857 [FXGL Background Thread 1 ] DEBUG FXGLApplication      - Loading default localization
17:49:34.857 [FXGL Background Thread 1 ] DEBUG FXGLAssetLoaderServi - Loading from file system: /assets/languages/english.lang
17:49:34.869 [FXGL Background Thread 1 ] INFO  FXGLApplication      - FXGL initialization took: 0.302 sec
17:49:34.877 [JavaFX Application Thread] DEBUG Input                - Registered new binding: Up1 - W
17:49:34.877 [JavaFX Application Thread] DEBUG Input                - Registered new binding: Down1 - S
17:49:34.877 [JavaFX Application Thread] DEBUG Input                - Registered new binding: Left1 - A
17:49:34.878 [JavaFX Application Thread] DEBUG Input                - Registered new binding: Right1 - D
17:49:34.878 [JavaFX Application Thread] DEBUG Input                - Registered new binding: Up2 - I
17:49:34.878 [JavaFX Application Thread] DEBUG Input                - Registered new binding: Down2 - K
17:49:34.878 [JavaFX Application Thread] DEBUG Input                - Registered new binding: Left2 - J
17:49:34.878 [JavaFX Application Thread] DEBUG Input                - Registered new binding: Right2 - L
17:49:34.879 [JavaFX Application Thread] DEBUG Input                - Registered new binding: Up3 - T
17:49:34.879 [JavaFX Application Thread] DEBUG Input                - Registered new binding: Down3 - G
17:49:34.879 [JavaFX Application Thread] DEBUG Input                - Registered new binding: Left3 - F
17:49:34.879 [JavaFX Application Thread] DEBUG Input                - Registered new binding: Right3 - H
17:49:34.879 [JavaFX Application Thread] DEBUG FXGLAssetLoaderServi - Loading from file system: /assets/textures/fxgl_icon.png
17:49:34.895 [JavaFX Application Thread] DEBUG FXGLAssetLoaderServi - Loading from file system: /assets/ui/cursors/fxgl_default.png
17:49:34.897 [JavaFX Application Thread] DEBUG Input                - Registered new binding: Screenshot - P
17:49:34.897 [JavaFX Application Thread] DEBUG Input                - Registered new binding: System info dump - CTRL+9
17:49:34.897 [JavaFX Application Thread] DEBUG Input                - Registered new binding: Restart - CTRL+R
17:49:34.898 [JavaFX Application Thread] DEBUG Input                - Registered new binding: Toggle Debug Camera - CTRL+C
17:49:34.900 [JavaFX Application Thread] DEBUG LoopRunner           - Starting loop
17:49:34.901 [JavaFX Application Thread] DEBUG GameApplicationServi - Starting new game
17:49:34.901 [JavaFX Application Thread] DEBUG Input                - Clearing active input actions
17:49:34.911 [JavaFX Application Thread] DEBUG GameApplicationServi - Removing overlay from StartupScene and adding to FXGLLoadingScene
17:49:34.911 [JavaFX Application Thread] DEBUG MainWindow           - StartupScene -> FXGLLoadingScene
17:49:34.912 [JavaFX Application Thread] DEBUG GameApplicationServi - Clearing previous game
17:49:34.912 [JavaFX Application Thread] DEBUG GameScene            - Clearing game scene
17:49:34.912 [JavaFX Application Thread] DEBUG GameWorld            - Clearing game world
17:49:34.912 [JavaFX Application Thread] DEBUG PhysicsWorld         - Clearing physics world
17:49:34.913 [FXGL Background Thread 1 ] DEBUG FXGLApplication      - Initializing game
17:49:35.036 [FXGL Background Thread 1 ] DEBUG FXGLAssetLoaderServi - Loading from file system: /assets/ui/main.fxml
17:49:35.041 [Thread-3                 ] DEBUG TCPServer            - Starting to listen at: 55555 type: class java.lang.String
17:49:35.061 [FXGL Background Thread 4 ] DEBUG FXGLAssetLoaderServi - Loading from file system: /assets/ui/fonts/Abel-Regular.ttf
17:49:35.065 [FXGL Background Thread 4 ] DEBUG FXGLAssetLoaderServi - Loading from file system: /assets/ui/fonts/lucida_console.ttf
17:49:35.070 [FXGL Background Thread 4 ] DEBUG FXGLAssetLoaderServi - Loading from file system: /assets/ui/fonts/Courier-Prime.ttf
17:49:35.075 [JavaFX Application Thread] DEBUG FXGLApplication      - Registering font factories with UI factory
17:49:35.090 [FXGL Background Thread 1 ] INFO  FXGLApplication      - Game initialization took: 0.177 sec
17:49:35.091 [JavaFX Application Thread] DEBUG Input                - Clearing active input actions
17:49:35.102 [JavaFX Application Thread] DEBUG GameApplicationServi - Removing overlay from FXGLLoadingScene and adding to GameScene
17:49:35.102 [JavaFX Application Thread] DEBUG MainWindow           - FXGLLoadingScene -> GameScene
17:49:36.981 [FXGL Background Thread 2 ] INFO  UpdaterService       - Your current version:  11.11
17:49:36.981 [FXGL Background Thread 2 ] INFO  UpdaterService       - Latest stable version: 21+dev-SNAPSHOT
17:49:37.856 [FXGL Background Thread 3 ] DEBUG Engine               - Logging environment variables
17:49:37.856 [FXGL Background Thread 3 ] DEBUG Engine               - achievements: []
17:49:37.857 [FXGL Background Thread 3 ] DEBUG Engine               - appIcon: fxgl_icon.png
17:49:37.857 [FXGL Background Thread 3 ] DEBUG Engine               - applicationMode: DEBUG
17:49:37.857 [FXGL Background Thread 3 ] DEBUG Engine               - cSSList: [fxgl_dark.css]
17:49:37.857 [FXGL Background Thread 3 ] DEBUG Engine               - configClass: Optional.empty
17:49:37.857 [FXGL Background Thread 3 ] DEBUG Engine               - credits: []
17:49:37.857 [FXGL Background Thread 3 ] DEBUG Engine               - devBBoxColorProperty: ObjectProperty [value: 0xff0000ff]
17:49:37.857 [FXGL Background Thread 3 ] DEBUG Engine               - devEnableDebugCameraProperty: BooleanProperty [value: false]
17:49:37.857 [FXGL Background Thread 3 ] DEBUG Engine               - devSensorColorProperty: ObjectProperty [value: 0xffff00ff]
17:49:37.857 [FXGL Background Thread 3 ] DEBUG Engine               - devShowBBoxProperty: BooleanProperty [value: false]
17:49:37.857 [FXGL Background Thread 3 ] DEBUG Engine               - devShowPositionProperty: BooleanProperty [value: false]
17:49:37.858 [FXGL Background Thread 3 ] DEBUG Engine               - enabledMenuItems: []
17:49:37.858 [FXGL Background Thread 3 ] DEBUG Engine               - engineServices: [class com.almasb.fxgl.app.FXGLApplication$GameApplicationService, class com.almasb.fxgl.app.services.FXGLDialogService, class com.almasb.fxgl.app.services.IOTaskExecutorService, class com.almasb.fxgl.event.EventBusService, class com.almasb.fxgl.io.FileSystemService, class com.almasb.fxgl.localization.LocalizationService, class com.almasb.fxgl.app.services.FXGLAssetLoaderService, class com.almasb.fxgl.app.services.SystemBundleService, class com.almasb.fxgl.profile.SaveLoadService, class com.almasb.fxgl.ui.FXGLUIFactoryServiceProvider, class com.almasb.fxgl.ui.FXGLDialogFactoryServiceProvider, class com.almasb.fxgl.audio.AudioPlayer, class com.almasb.fxgl.notification.impl.NotificationServiceProvider, class com.almasb.fxgl.achievement.AchievementService, class com.almasb.fxgl.cutscene.CutsceneService, class com.almasb.fxgl.minigames.MiniGameService, class com.almasb.fxgl.net.NetService, class com.almasb.fxgl.app.services.UpdaterService, class com.almasb.fxgl.dev.DevService]
17:49:37.858 [FXGL Background Thread 3 ] DEBUG Engine               - fontGame: Abel-Regular.ttf
17:49:37.858 [FXGL Background Thread 3 ] DEBUG Engine               - fontMono: lucida_console.ttf
17:49:37.858 [FXGL Background Thread 3 ] DEBUG Engine               - fontText: Courier-Prime.ttf
17:49:37.858 [FXGL Background Thread 3 ] DEBUG Engine               - fontUI: pong.ttf
17:49:37.858 [FXGL Background Thread 3 ] DEBUG Engine               - fullScreen: BooleanProperty [value: false]
17:49:37.858 [FXGL Background Thread 3 ] DEBUG Engine               - gameDifficulty: MEDIUM
17:49:37.858 [FXGL Background Thread 3 ] DEBUG Engine               - gameDifficultyProperty: ObjectProperty [value: MEDIUM]
17:49:37.858 [FXGL Background Thread 3 ] DEBUG Engine               - globalMusicVolume: 0.5
17:49:37.859 [FXGL Background Thread 3 ] DEBUG Engine               - globalMusicVolumeProperty: DoubleProperty [value: 0.5]
17:49:37.859 [FXGL Background Thread 3 ] DEBUG Engine               - globalSoundVolume: 0.5
17:49:37.859 [FXGL Background Thread 3 ] DEBUG Engine               - globalSoundVolumeProperty: DoubleProperty [value: 0.5]
17:49:37.859 [FXGL Background Thread 3 ] DEBUG Engine               - height: 600
17:49:37.859 [FXGL Background Thread 3 ] DEBUG Engine               - isAndroid: false
17:49:37.859 [FXGL Background Thread 3 ] DEBUG Engine               - isBrowser: false
17:49:37.859 [FXGL Background Thread 3 ] DEBUG Engine               - isClickFeedbackEnabled: false
17:49:37.859 [FXGL Background Thread 3 ] DEBUG Engine               - isCloseConfirmation: false
17:49:37.859 [FXGL Background Thread 3 ] DEBUG Engine               - isDesktop: true
17:49:37.859 [FXGL Background Thread 3 ] DEBUG Engine               - isDeveloperMenuEnabled: false
17:49:37.859 [FXGL Background Thread 3 ] DEBUG Engine               - isEntityPreloadEnabled: true
17:49:37.859 [FXGL Background Thread 3 ] DEBUG Engine               - isExperimentalNative: false
17:49:37.859 [FXGL Background Thread 3 ] DEBUG Engine               - isExperimentalTiledLargeMap: false
17:49:37.859 [FXGL Background Thread 3 ] DEBUG Engine               - isFileSystemWriteAllowed: true
17:49:37.860 [FXGL Background Thread 3 ] DEBUG Engine               - isFullScreenAllowed: false
17:49:37.860 [FXGL Background Thread 3 ] DEBUG Engine               - isFullScreenFromStart: false
17:49:37.860 [FXGL Background Thread 3 ] DEBUG Engine               - isGameMenuEnabled: true
17:49:37.860 [FXGL Background Thread 3 ] DEBUG Engine               - isIOS: false
17:49:37.860 [FXGL Background Thread 3 ] DEBUG Engine               - isIntroEnabled: false
17:49:37.860 [FXGL Background Thread 3 ] DEBUG Engine               - isLinux: false
17:49:37.860 [FXGL Background Thread 3 ] DEBUG Engine               - isMac: false
17:49:37.860 [FXGL Background Thread 3 ] DEBUG Engine               - isMainMenuEnabled: false
17:49:37.860 [FXGL Background Thread 3 ] DEBUG Engine               - isManualResizeEnabled: false
17:49:37.860 [FXGL Background Thread 3 ] DEBUG Engine               - isMobile: false
17:49:37.860 [FXGL Background Thread 3 ] DEBUG Engine               - isPreserveResizeRatio: false
17:49:37.860 [FXGL Background Thread 3 ] DEBUG Engine               - isProfilingEnabled: false
17:49:37.860 [FXGL Background Thread 3 ] DEBUG Engine               - isSingleStep: false
17:49:37.860 [FXGL Background Thread 3 ] DEBUG Engine               - isUserProfileEnabled: false
17:49:37.860 [FXGL Background Thread 3 ] DEBUG Engine               - isWindows: true
17:49:37.861 [FXGL Background Thread 3 ] DEBUG Engine               - language: ObjectProperty [value: ENGLISH]
17:49:37.861 [FXGL Background Thread 3 ] DEBUG Engine               - menuKey: ESCAPE
17:49:37.861 [FXGL Background Thread 3 ] DEBUG Engine               - notificationViewClass: class com.almasb.fxgl.notification.view.XboxNotificationView
17:49:37.861 [FXGL Background Thread 3 ] DEBUG Engine               - pixelsPerMeter: 50.0
17:49:37.861 [FXGL Background Thread 3 ] DEBUG Engine               - platform: WINDOWS
17:49:37.861 [FXGL Background Thread 3 ] DEBUG Engine               - profileDir: profiles/
17:49:37.861 [FXGL Background Thread 3 ] DEBUG Engine               - profileName: StringProperty [value: DEFAULT]
17:49:37.861 [FXGL Background Thread 3 ] DEBUG Engine               - randomSeed: -1
17:49:37.861 [FXGL Background Thread 3 ] DEBUG Engine               - runtimeInfo: RuntimeInfo(platform=WINDOWS, version=11.11, build=08.09.2020 18.00)
17:49:37.861 [FXGL Background Thread 3 ] DEBUG Engine               - saveFileExt: sav
17:49:37.861 [FXGL Background Thread 3 ] DEBUG Engine               - sceneFactory: com.almasb.fxgl.app.scene.SceneFactory@5536bb35
17:49:37.861 [FXGL Background Thread 3 ] DEBUG Engine               - secondsIn24h: 60
17:49:37.861 [FXGL Background Thread 3 ] DEBUG Engine               - soundMenuBack: menu/back.wav
17:49:37.861 [FXGL Background Thread 3 ] DEBUG Engine               - soundMenuPress: menu/press.wav
17:49:37.862 [FXGL Background Thread 3 ] DEBUG Engine               - soundMenuSelect: menu/select.wav
17:49:37.862 [FXGL Background Thread 3 ] DEBUG Engine               - soundNotification: core/notification.wav
17:49:37.862 [FXGL Background Thread 3 ] DEBUG Engine               - stageStyle: DECORATED
17:49:37.862 [FXGL Background Thread 3 ] DEBUG Engine               - supportedLanguages: [ENGLISH, FRENCH, GERMAN, HUNGARIAN, RUSSIAN]
17:49:37.862 [FXGL Background Thread 3 ] DEBUG Engine               - title: Pong
17:49:37.862 [FXGL Background Thread 3 ] DEBUG Engine               - urlGithub: https://github.com/AlmasB/FXGL
17:49:37.862 [FXGL Background Thread 3 ] DEBUG Engine               - urlLeaderboard: http://fxgl-top.herokuapp.com/
17:49:37.862 [FXGL Background Thread 3 ] DEBUG Engine               - urlPOM: https://raw.githubusercontent.com/AlmasB/FXGL/master/pom.xml
17:49:37.862 [FXGL Background Thread 3 ] DEBUG Engine               - version: 1.0
17:49:37.862 [FXGL Background Thread 3 ] DEBUG Engine               - versionCheckDays: 7
17:49:37.862 [FXGL Background Thread 3 ] DEBUG Engine               - width: 800
17:49:37.862 [FXGL Background Thread 3 ] DEBUG Engine               - Logging services
17:49:37.862 [FXGL Background Thread 3 ] DEBUG Engine               - class com.almasb.fxgl.app.FXGLApplication$GameApplicationService
17:49:37.862 [FXGL Background Thread 3 ] DEBUG Engine               - class com.almasb.fxgl.app.services.FXGLDialogService
17:49:37.862 [FXGL Background Thread 3 ] DEBUG Engine               - class com.almasb.fxgl.app.services.IOTaskExecutorService
17:49:37.862 [FXGL Background Thread 3 ] DEBUG Engine               - class com.almasb.fxgl.event.EventBusService
17:49:37.863 [FXGL Background Thread 3 ] DEBUG Engine               - class com.almasb.fxgl.io.FileSystemService
17:49:37.863 [FXGL Background Thread 3 ] DEBUG Engine               - class com.almasb.fxgl.localization.LocalizationService
17:49:37.863 [FXGL Background Thread 3 ] DEBUG Engine               - class com.almasb.fxgl.app.services.FXGLAssetLoaderService
17:49:37.863 [FXGL Background Thread 3 ] DEBUG Engine               - class com.almasb.fxgl.app.services.SystemBundleService
17:49:37.863 [FXGL Background Thread 3 ] DEBUG Engine               - class com.almasb.fxgl.profile.SaveLoadService
17:49:37.863 [FXGL Background Thread 3 ] DEBUG Engine               - class com.almasb.fxgl.ui.FXGLUIFactoryServiceProvider
17:49:37.863 [FXGL Background Thread 3 ] DEBUG Engine               - class com.almasb.fxgl.ui.FXGLDialogFactoryServiceProvider
17:49:37.863 [FXGL Background Thread 3 ] DEBUG Engine               - class com.almasb.fxgl.audio.AudioPlayer
17:49:37.863 [FXGL Background Thread 3 ] DEBUG Engine               - class com.almasb.fxgl.notification.impl.NotificationServiceProvider
17:49:37.863 [FXGL Background Thread 3 ] DEBUG Engine               - class com.almasb.fxgl.achievement.AchievementService
17:49:37.863 [FXGL Background Thread 3 ] DEBUG Engine               - class com.almasb.fxgl.cutscene.CutsceneService
17:49:37.864 [FXGL Background Thread 3 ] DEBUG Engine               - class com.almasb.fxgl.minigames.MiniGameService
17:49:37.864 [FXGL Background Thread 3 ] DEBUG Engine               - class com.almasb.fxgl.net.NetService
17:49:37.864 [FXGL Background Thread 3 ] DEBUG Engine               - class com.almasb.fxgl.app.services.UpdaterService
17:49:37.864 [FXGL Background Thread 3 ] DEBUG Engine               - class com.almasb.fxgl.dev.DevService
17:49:38.424 [Thread-3                 ] DEBUG Endpoint             - TCPServer opening new connection (1) from /127.0.0.1:50489 type: class java.lang.String
17:49:38.427 [Thread-3                 ] DEBUG Endpoint             - TCPServer successfully opened connection (1)
17:49:38.431 [TCPServer_SendThread-1   ] DEBUG Writers              - Getting TCPMessageWriter for class java.lang.String
17:49:38.436 [TCPServer_RecvThread-1   ] DEBUG Readers              - Getting TCPMessageReader for class java.lang.String
17:49:38.436 [TCPServer_SendThread-1   ] DEBUG Writers              - Constructed TCPMessageWriter for class java.lang.String: MessageWriterS
17:49:38.437 [TCPServer_RecvThread-1   ] DEBUG Readers              - Constructed MessageReader for class java.lang.String: MessageReaderS
17:49:39.375 [JavaFX Application Thread] DEBUG Input                - Mocking key press: W
17:49:39.555 [JavaFX Application Thread] DEBUG Input                - Mocking key release: W
17:49:40.178 [JavaFX Application Thread] DEBUG Input                - Mocking key press: W
17:49:40.346 [JavaFX Application Thread] DEBUG Input                - Mocking key release: W
17:49:40.644 [JavaFX Application Thread] DEBUG Input                - Mocking key press: D
17:49:40.991 [JavaFX Application Thread] DEBUG Input                - Mocking key release: D
17:49:41.596 [JavaFX Application Thread] DEBUG Input                - Mocking key press: D
17:49:41.759 [JavaFX Application Thread] DEBUG Input                - Mocking key release: D
17:49:42.354 [JavaFX Application Thread] DEBUG Input                - Mocking key press: D
17:49:42.560 [JavaFX Application Thread] DEBUG Input                - Mocking key release: D
17:49:43.287 [JavaFX Application Thread] DEBUG Input                - Mocking key press: D
17:49:43.438 [JavaFX Application Thread] DEBUG Input                - Mocking key release: D
17:49:47.805 [JavaFX Application Thread] DEBUG Input                - Mocking key press: D
17:49:47.998 [JavaFX Application Thread] DEBUG Input                - Mocking key release: D
17:49:48.981 [JavaFX Application Thread] DEBUG Input                - Mocking key press: D
17:49:49.134 [JavaFX Application Thread] DEBUG Input                - Mocking key release: D
17:49:49.946 [JavaFX Application Thread] DEBUG Input                - Mocking key press: D
17:49:50.146 [JavaFX Application Thread] DEBUG Input                - Mocking key release: D
17:49:52.922 [JavaFX Application Thread] DEBUG Input                - Mocking key press: W
17:49:53.072 [JavaFX Application Thread] DEBUG Input                - Mocking key release: W
17:49:53.575 [JavaFX Application Thread] DEBUG Input                - Mocking key press: W
17:49:53.782 [JavaFX Application Thread] DEBUG Input                - Mocking key release: W
17:49:54.078 [JavaFX Application Thread] DEBUG Input                - Mocking key press: D
17:49:54.332 [JavaFX Application Thread] DEBUG Input                - Mocking key release: D
17:49:54.886 [JavaFX Application Thread] DEBUG Input                - Mocking key press: A
17:49:55.249 [JavaFX Application Thread] DEBUG Input                - Mocking key press: W
17:49:55.454 [JavaFX Application Thread] DEBUG Input                - Mocking key release: W
17:49:55.600 [JavaFX Application Thread] DEBUG Input                - Mocking key release: A
17:49:56.253 [JavaFX Application Thread] DEBUG Input                - Mocking key press: W
17:49:56.253 [JavaFX Application Thread] DEBUG Input                - Mocking key release: W
17:49:56.301 [JavaFX Application Thread] DEBUG Input                - Mocking key press: A
17:49:56.652 [JavaFX Application Thread] DEBUG Input                - Mocking key release: A
17:49:57.403 [JavaFX Application Thread] DEBUG Input                - Mocking key press: A
17:49:58.275 [JavaFX Application Thread] DEBUG Input                - Mocking key release: A
17:49:58.519 [JavaFX Application Thread] DEBUG Input                - Mocking key press: A
17:49:58.864 [JavaFX Application Thread] DEBUG Input                - Mocking key release: A
17:49:59.710 [JavaFX Application Thread] DEBUG Input                - Mocking key press: W
17:49:59.773 [JavaFX Application Thread] DEBUG Input                - Mocking key release: W
17:49:59.963 [JavaFX Application Thread] DEBUG Input                - Mocking key press: W
17:50:00.061 [JavaFX Application Thread] DEBUG Input                - Mocking key release: W
17:50:00.602 [JavaFX Application Thread] DEBUG Input                - Mocking key press: A
17:50:00.895 [JavaFX Application Thread] DEBUG Input                - Mocking key release: A
17:50:01.194 [JavaFX Application Thread] DEBUG Input                - Mocking key press: A
17:50:01.194 [JavaFX Application Thread] DEBUG Input                - Mocking key press: W
17:50:01.493 [JavaFX Application Thread] DEBUG Input                - Mocking key release: W
17:50:01.493 [JavaFX Application Thread] DEBUG Input                - Mocking key release: A
17:50:02.083 [JavaFX Application Thread] DEBUG Input                - Mocking key press: A
17:50:02.334 [JavaFX Application Thread] DEBUG Input                - Mocking key press: W
17:50:02.581 [JavaFX Application Thread] DEBUG Input                - Mocking key release: W
17:50:02.687 [JavaFX Application Thread] DEBUG Input                - Mocking key release: A
17:50:03.284 [JavaFX Application Thread] DEBUG Input                - Mocking key press: A
17:50:03.376 [JavaFX Application Thread] DEBUG Input                - Mocking key press: W
17:50:03.587 [JavaFX Application Thread] DEBUG Input                - Mocking key release: A
17:50:03.587 [JavaFX Application Thread] DEBUG Input                - Mocking key release: W
17:50:04.119 [JavaFX Application Thread] DEBUG Input                - Mocking key press: W
17:50:04.174 [JavaFX Application Thread] DEBUG Input                - Mocking key press: A
17:50:04.444 [JavaFX Application Thread] DEBUG Input                - Mocking key release: W
17:50:04.444 [JavaFX Application Thread] DEBUG Input                - Mocking key release: A
17:50:06.247 [JavaFX Application Thread] DEBUG Input                - Mocking key press: W
17:50:06.304 [JavaFX Application Thread] DEBUG Input                - Mocking key press: A
17:50:06.707 [JavaFX Application Thread] DEBUG Input                - Mocking key release: W
17:50:06.707 [JavaFX Application Thread] DEBUG Input                - Mocking key release: A
17:50:07.337 [JavaFX Application Thread] DEBUG Input                - Mocking key press: A
17:50:07.668 [JavaFX Application Thread] DEBUG Input                - Mocking key release: A
17:50:07.717 [JavaFX Application Thread] DEBUG Input                - Mocking key press: A
17:50:07.768 [JavaFX Application Thread] DEBUG Input                - Mocking key press: W
17:50:07.976 [JavaFX Application Thread] DEBUG Input                - Mocking key release: W
17:50:08.026 [JavaFX Application Thread] DEBUG Input                - Mocking key release: A
17:50:08.490 [JavaFX Application Thread] DEBUG Input                - Mocking key press: A
17:50:08.546 [JavaFX Application Thread] DEBUG Input                - Mocking key press: W
17:50:08.746 [JavaFX Application Thread] DEBUG Input                - Mocking key release: W
17:50:08.746 [JavaFX Application Thread] DEBUG Input                - Mocking key release: A
17:50:09.519 [JavaFX Application Thread] DEBUG Input                - Mocking key press: W
17:50:09.767 [JavaFX Application Thread] DEBUG Input                - Mocking key press: A
17:50:09.820 [JavaFX Application Thread] DEBUG Input                - Mocking key release: A
17:50:09.820 [JavaFX Application Thread] DEBUG Input                - Mocking key release: W
17:50:10.622 [JavaFX Application Thread] DEBUG Input                - Mocking key press: W
17:50:10.932 [JavaFX Application Thread] DEBUG Input                - Mocking key release: W
17:50:11.426 [JavaFX Application Thread] DEBUG Input                - Mocking key press: A
17:50:11.427 [JavaFX Application Thread] DEBUG Input                - Mocking key press: W
17:50:11.522 [JavaFX Application Thread] DEBUG Input                - Mocking key release: A
17:50:11.522 [JavaFX Application Thread] DEBUG Input                - Mocking key release: W
17:50:12.549 [JavaFX Application Thread] DEBUG Input                - Mocking key press: A
17:50:12.851 [JavaFX Application Thread] DEBUG Input                - Mocking key release: A
17:50:13.595 [JavaFX Application Thread] DEBUG Input                - Mocking key press: A
17:50:13.879 [JavaFX Application Thread] DEBUG Input                - Mocking key release: A
17:50:14.096 [JavaFX Application Thread] DEBUG Input                - Mocking key press: A
17:50:14.346 [JavaFX Application Thread] DEBUG Input                - Mocking key press: W
17:50:14.496 [JavaFX Application Thread] DEBUG Input                - Mocking key release: W
17:50:14.536 [JavaFX Application Thread] DEBUG Input                - Mocking key release: A
17:50:15.048 [JavaFX Application Thread] DEBUG Input                - Mocking key press: A
17:50:15.096 [JavaFX Application Thread] DEBUG Input                - Mocking key press: W
17:50:15.339 [JavaFX Application Thread] DEBUG Input                - Mocking key release: W
17:50:15.339 [JavaFX Application Thread] DEBUG Input                - Mocking key release: A
17:50:16.210 [JavaFX Application Thread] DEBUG Input                - Mocking key press: A
17:50:16.506 [JavaFX Application Thread] DEBUG Input                - Mocking key release: A
17:50:17.680 [JavaFX Application Thread] DEBUG Input                - Mocking key press: A
17:50:18.105 [JavaFX Application Thread] DEBUG Input                - Mocking key press: W
17:50:18.306 [JavaFX Application Thread] DEBUG Input                - Mocking key release: W
17:50:18.366 [JavaFX Application Thread] DEBUG Input                - Mocking key release: A
17:50:18.915 [JavaFX Application Thread] DEBUG Input                - Mocking key press: W
17:50:18.915 [JavaFX Application Thread] DEBUG Input                - Mocking key press: A
17:50:19.117 [JavaFX Application Thread] DEBUG Input                - Mocking key release: A
17:50:19.118 [JavaFX Application Thread] DEBUG Input                - Mocking key release: W
17:50:19.735 [JavaFX Application Thread] DEBUG Input                - Mocking key press: W
17:50:19.883 [JavaFX Application Thread] DEBUG Input                - Mocking key press: D
17:50:20.230 [JavaFX Application Thread] DEBUG Input                - Mocking key release: D
17:50:20.230 [JavaFX Application Thread] DEBUG Input                - Mocking key release: W
17:50:20.488 [JavaFX Application Thread] DEBUG Input                - Mocking key press: A
17:50:20.687 [JavaFX Application Thread] DEBUG Input                - Mocking key press: W
17:50:21.258 [JavaFX Application Thread] DEBUG Input                - Mocking key release: W
17:50:21.413 [JavaFX Application Thread] DEBUG Input                - Mocking key release: A
17:50:21.904 [JavaFX Application Thread] DEBUG Input                - Mocking key press: W
17:50:21.906 [JavaFX Application Thread] DEBUG Input                - Mocking key press: D
17:50:22.304 [JavaFX Application Thread] DEBUG Input                - Mocking key release: W
17:50:22.304 [JavaFX Application Thread] DEBUG Input                - Mocking key release: D
17:50:22.657 [JavaFX Application Thread] DEBUG Input                - Mocking key press: A
17:50:22.858 [JavaFX Application Thread] DEBUG Input                - Mocking key press: W
17:50:23.254 [JavaFX Application Thread] DEBUG Input                - Mocking key release: W
17:50:23.304 [JavaFX Application Thread] DEBUG Input                - Mocking key release: A
17:50:23.816 [JavaFX Application Thread] DEBUG Input                - Mocking key press: D
17:50:23.817 [JavaFX Application Thread] DEBUG Input                - Mocking key press: W
17:50:24.317 [JavaFX Application Thread] DEBUG Input                - Mocking key release: W
17:50:24.697 [JavaFX Application Thread] DEBUG Input                - Mocking key release: D
17:50:27.865 [Thread-3                 ] DEBUG Endpoint             - TCPServer opening new connection (2) from /127.0.0.1:50498 type: class java.lang.String
17:50:27.865 [Thread-3                 ] DEBUG Endpoint             - TCPServer successfully opened connection (2)
17:50:27.866 [TCPServer_SendThread-2   ] DEBUG Writers              - Getting TCPMessageWriter for class java.lang.String
17:50:27.866 [TCPServer_RecvThread-2   ] DEBUG Readers              - Getting TCPMessageReader for class java.lang.String
17:50:27.866 [TCPServer_SendThread-2   ] DEBUG Writers              - Constructed TCPMessageWriter for class java.lang.String: MessageWriterS
17:50:27.866 [TCPServer_RecvThread-2   ] DEBUG Readers              - Constructed MessageReader for class java.lang.String: MessageReaderS
17:50:28.473 [JavaFX Application Thread] DEBUG Input                - Mocking key press: I
17:50:28.681 [JavaFX Application Thread] DEBUG Input                - Mocking key release: I
17:50:29.133 [JavaFX Application Thread] DEBUG Input                - Mocking key press: L
17:50:29.361 [JavaFX Application Thread] DEBUG Input                - Mocking key release: L
17:50:29.579 [JavaFX Application Thread] DEBUG Input                - Mocking key press: I
17:50:29.845 [JavaFX Application Thread] DEBUG Input                - Mocking key release: I
17:50:30.207 [JavaFX Application Thread] DEBUG Input                - Mocking key press: J
17:50:30.357 [JavaFX Application Thread] DEBUG Input                - Mocking key release: J
17:50:30.768 [JavaFX Application Thread] DEBUG Input                - Mocking key press: L
17:50:31.689 [JavaFX Application Thread] DEBUG Input                - Mocking key release: L
17:50:32.018 [JavaFX Application Thread] DEBUG Input                - Mocking key press: L
17:50:32.670 [JavaFX Application Thread] DEBUG Input                - Mocking key press: I
17:50:32.866 [JavaFX Application Thread] DEBUG Input                - Mocking key release: I
17:50:32.967 [JavaFX Application Thread] DEBUG Input                - Mocking key release: L
17:50:33.988 [JavaFX Application Thread] DEBUG Input                - Mocking key press: I
17:50:34.250 [JavaFX Application Thread] DEBUG Input                - Mocking key release: I
17:50:34.787 [JavaFX Application Thread] DEBUG Input                - Mocking key press: J
17:50:34.841 [JavaFX Application Thread] DEBUG Input                - Mocking key press: I
17:50:35.097 [JavaFX Application Thread] DEBUG Input                - Mocking key release: I
17:50:35.097 [JavaFX Application Thread] DEBUG Input                - Mocking key release: J
17:50:35.783 [JavaFX Application Thread] DEBUG Input                - Mocking key press: J
17:50:35.887 [JavaFX Application Thread] DEBUG Input                - Mocking key press: I
17:50:36.081 [JavaFX Application Thread] DEBUG Input                - Mocking key release: J
17:50:36.081 [JavaFX Application Thread] DEBUG Input                - Mocking key release: I
17:50:36.708 [JavaFX Application Thread] DEBUG Input                - Mocking key press: L
17:50:36.763 [JavaFX Application Thread] DEBUG Input                - Mocking key press: I
17:50:37.076 [JavaFX Application Thread] DEBUG Input                - Mocking key release: I
17:50:37.131 [JavaFX Application Thread] DEBUG Input                - Mocking key release: L
17:50:37.486 [JavaFX Application Thread] DEBUG Input                - Mocking key press: J
17:50:37.589 [JavaFX Application Thread] DEBUG Input                - Mocking key press: I
17:50:37.900 [JavaFX Application Thread] DEBUG Input                - Mocking key release: I
17:50:38.146 [JavaFX Application Thread] DEBUG Input                - Mocking key release: J
17:50:38.558 [JavaFX Application Thread] DEBUG Input                - Mocking key press: I
17:50:38.751 [JavaFX Application Thread] DEBUG Input                - Mocking key press: L
17:50:38.949 [JavaFX Application Thread] DEBUG Input                - Mocking key release: L
17:50:39.002 [JavaFX Application Thread] DEBUG Input                - Mocking key release: I
17:50:39.314 [JavaFX Application Thread] DEBUG Input                - Mocking key press: J
17:50:39.365 [JavaFX Application Thread] DEBUG Input                - Mocking key press: I
17:50:39.665 [JavaFX Application Thread] DEBUG Input                - Mocking key release: J
17:50:39.716 [JavaFX Application Thread] DEBUG Input                - Mocking key release: I
17:50:40.238 [JavaFX Application Thread] DEBUG Input                - Mocking key press: I
17:50:40.238 [JavaFX Application Thread] DEBUG Input                - Mocking key press: L
17:50:40.649 [JavaFX Application Thread] DEBUG Input                - Mocking key release: I
17:50:40.649 [JavaFX Application Thread] DEBUG Input                - Mocking key release: L
17:50:40.903 [JavaFX Application Thread] DEBUG Input                - Mocking key press: J
17:50:41.007 [JavaFX Application Thread] DEBUG Input                - Mocking key press: I
17:50:41.261 [JavaFX Application Thread] DEBUG Input                - Mocking key release: I
17:50:41.261 [JavaFX Application Thread] DEBUG Input                - Mocking key release: J
17:50:41.799 [JavaFX Application Thread] DEBUG Input                - Mocking key press: I
17:50:42.072 [JavaFX Application Thread] DEBUG Input                - Mocking key press: L
17:50:42.660 [JavaFX Application Thread] DEBUG Input                - Mocking key release: L
17:50:42.715 [JavaFX Application Thread] DEBUG Input                - Mocking key release: I
17:50:43.323 [JavaFX Application Thread] DEBUG Input                - Mocking key press: L
17:50:43.433 [JavaFX Application Thread] DEBUG Input                - Mocking key press: I
17:50:43.538 [JavaFX Application Thread] DEBUG Input                - Mocking key release: L
17:50:43.538 [JavaFX Application Thread] DEBUG Input                - Mocking key release: I
17:50:43.921 [JavaFX Application Thread] DEBUG Input                - Mocking key press: L
17:50:44.214 [JavaFX Application Thread] DEBUG Input                - Mocking key release: L
17:50:44.633 [JavaFX Application Thread] DEBUG Input                - Mocking key press: L
17:50:44.777 [JavaFX Application Thread] DEBUG Input                - Mocking key release: L
17:50:45.027 [JavaFX Application Thread] DEBUG Input                - Mocking key press: I
17:50:45.172 [JavaFX Application Thread] DEBUG Input                - Mocking key release: I
17:50:55.708 [JavaFX Application Thread] DEBUG Input                - Mocking key press: I
17:50:55.860 [JavaFX Application Thread] DEBUG Input                - Mocking key release: I
17:50:56.731 [JavaFX Application Thread] DEBUG Input                - Mocking key press: K
17:50:56.888 [JavaFX Application Thread] DEBUG Input                - Mocking key release: K
17:50:58.167 [JavaFX Application Thread] DEBUG Input                - Mocking key press: I
17:50:58.277 [JavaFX Application Thread] DEBUG Input                - Mocking key release: I
17:51:02.237 [JavaFX Application Thread] DEBUG FXGLApplication      - Exiting FXGL
17:51:02.237 [JavaFX Application Thread] DEBUG LoopRunner           - Stopping loop
17:51:02.238 [JavaFX Application Thread] DEBUG SystemBundleService  - Saving FXGL system data
17:51:02.239 [JavaFX Application Thread] DEBUG FileSystemAccess     - Writing to: C:\Users\poppy\3rd year\CI628-PongServer-master\system\fxgl.bundle
17:51:02.241 [JavaFX Application Thread] DEBUG Async                - Shutting down background threads
17:51:02.241 [JavaFX Application Thread] DEBUG MainWindow           - Closing main window
17:51:02.250 [JavaFX Application Thread] DEBUG Logger               - Closing Logger
