17:56:29.702 [main                     ] DEBUG Logger               - Configured Logger
17:56:29.724 [main                     ] DEBUG GameApplication      - Logging settings
Title: Pong
Version: 1.0
Width: 800
Height: 600
Fullscreen: false
Intro: false
Profiling: false
Single step:false
App Mode: DEBUG
Menu Key: ESCAPE
Stage Style: DECORATED
Scene Factory: class com.almasb.fxgl.app.scene.SceneFactory

17:56:30.030 [JavaFX Application Thread] DEBUG FXGLApplication      - Initializing FXGL
17:56:30.036 [JavaFX Application Thread] INFO  Engine               - FXGL-11.11 (08.09.2020 18.00) on WINDOWS (J:11.0.12 FX:14)
17:56:30.036 [JavaFX Application Thread] DEBUG Engine               - JRE Vendor Name: Microsoft
17:56:30.036 [JavaFX Application Thread] DEBUG Engine               - Running on OS: Windows 10 version 10.0
17:56:30.036 [JavaFX Application Thread] DEBUG Engine               - Architecture: amd64
17:56:30.037 [JavaFX Application Thread] INFO  Engine               - Source code and latest versions at: https://github.com/AlmasB/FXGL
17:56:30.037 [JavaFX Application Thread] INFO  Engine               -              Join the FXGL chat at: https://gitter.im/AlmasB/FXGL
17:56:30.107 [JavaFX Application Thread] DEBUG MainWindow           - Creating a JavaFX scene
17:56:30.153 [JavaFX Application Thread] DEBUG MainWindow           - Target settings size: 800.0 x 600.0
17:56:30.153 [JavaFX Application Thread] DEBUG MainWindow           - Scaled scene size:    800.0 x 600.0
17:56:30.153 [JavaFX Application Thread] DEBUG MainWindow           - Scaled ratio: (1.0, 1.0)
17:56:30.154 [JavaFX Application Thread] DEBUG MainWindow           - Set initial scene to StartupScene
17:56:30.158 [JavaFX Application Thread] DEBUG MainWindow           - Opening main window
17:56:30.215 [JavaFX Application Thread] DEBUG MainWindow           - Window border size: (16.0, 39.0)
17:56:30.215 [JavaFX Application Thread] DEBUG MainWindow           - Scaled size: 800.0 x 600.0
17:56:30.215 [JavaFX Application Thread] DEBUG MainWindow           - Scaled ratio: (1.0, 1.0)
17:56:30.215 [JavaFX Application Thread] DEBUG MainWindow           - Scene size: 800.0 x 600.0
17:56:30.216 [JavaFX Application Thread] DEBUG MainWindow           - Stage size: 816.0 x 639.0
17:56:30.221 [FXGL Background Thread 1 ] DEBUG Engine               - Initializing environment variables
17:56:30.242 [FXGL Background Thread 1 ] DEBUG GameApplicationServi - Applying CSS: fxgl_dark.css
17:56:30.242 [FXGL Background Thread 1 ] DEBUG FXGLAssetLoaderServi - Loading from file system: /assets/ui/css/fxgl_dark.css
17:56:30.289 [FXGL Background Thread 1 ] DEBUG GameApplicationServi - Initializing application scenes
17:56:30.318 [FXGL Background Thread 1 ] DEBUG GameWorld            - Game world initialized
17:56:30.363 [FXGL Background Thread 1 ] DEBUG PhysicsWorld         - Physics world initialized: appHeight=600, physics.ppm=50.0
17:56:30.365 [FXGL Background Thread 1 ] DEBUG GameScene            - Game scene initialized: 800x600
17:56:30.387 [FXGL Background Thread 1 ] DEBUG FXGLAssetLoaderServi - Loading from file system: /assets/textures/particles/trace_horizontal.png
17:56:30.431 [FXGL Background Thread 1 ] DEBUG FXGL.DefaultMenu     - createMenuBodyGameMenu()
17:56:30.442 [FXGL Background Thread 1 ] DEBUG FXGL.DefaultMenu     - createOptionsMenu()
17:56:30.446 [FXGL Background Thread 1 ] DEBUG FXGLAssetLoaderServi - Loading from file system: /assets/textures/particles/smoke.png
17:56:30.490 [FXGL Background Thread 1 ] DEBUG GameApplicationServi - Application scenes initialized
17:56:30.498 [FXGL Background Thread 1 ] DEBUG SystemBundleService  - Loading FXGL system data
17:56:30.502 [FXGL Background Thread 1 ] DEBUG FileSystemAccess     - Reading from: C:\Users\poppy\3rd year\CI628-PongServer-master\system\fxgl.bundle
17:56:30.506 [FXGL Background Thread 1 ] DEBUG SystemBundleService  - Bundle FXGL: {}
17:56:30.506 [FXGL Background Thread 1 ] DEBUG UpdaterService       - Checking for updates
17:56:30.509 [FXGL Background Thread 4 ] DEBUG FXGLApplication      - Loading fonts
17:56:30.510 [FXGL Background Thread 4 ] DEBUG FXGLAssetLoaderServi - Loading from file system: /assets/ui/fonts/pong.ttf
17:56:30.510 [FXGL Background Thread 1 ] DEBUG FXGLApplication      - Loading default localization
17:56:30.510 [FXGL Background Thread 1 ] DEBUG FXGLAssetLoaderServi - Loading from file system: /assets/languages/english.lang
17:56:30.520 [FXGL Background Thread 1 ] INFO  FXGLApplication      - FXGL initialization took: 0.299 sec
17:56:30.529 [JavaFX Application Thread] DEBUG Input                - Registered new binding: Up1 - W
17:56:30.529 [JavaFX Application Thread] DEBUG Input                - Registered new binding: Down1 - S
17:56:30.529 [JavaFX Application Thread] DEBUG Input                - Registered new binding: Left1 - A
17:56:30.529 [JavaFX Application Thread] DEBUG Input                - Registered new binding: Right1 - D
17:56:30.529 [JavaFX Application Thread] DEBUG Input                - Registered new binding: Up2 - I
17:56:30.530 [JavaFX Application Thread] DEBUG Input                - Registered new binding: Down2 - K
17:56:30.530 [JavaFX Application Thread] DEBUG Input                - Registered new binding: Left2 - J
17:56:30.530 [JavaFX Application Thread] DEBUG Input                - Registered new binding: Right2 - L
17:56:30.530 [JavaFX Application Thread] DEBUG Input                - Registered new binding: Up3 - T
17:56:30.530 [JavaFX Application Thread] DEBUG Input                - Registered new binding: Down3 - G
17:56:30.530 [JavaFX Application Thread] DEBUG Input                - Registered new binding: Left3 - F
17:56:30.530 [JavaFX Application Thread] DEBUG Input                - Registered new binding: Right3 - H
17:56:30.531 [JavaFX Application Thread] DEBUG FXGLAssetLoaderServi - Loading from file system: /assets/textures/fxgl_icon.png
17:56:30.545 [JavaFX Application Thread] DEBUG FXGLAssetLoaderServi - Loading from file system: /assets/ui/cursors/fxgl_default.png
17:56:30.547 [JavaFX Application Thread] DEBUG Input                - Registered new binding: Screenshot - P
17:56:30.548 [JavaFX Application Thread] DEBUG Input                - Registered new binding: System info dump - CTRL+9
17:56:30.548 [JavaFX Application Thread] DEBUG Input                - Registered new binding: Restart - CTRL+R
17:56:30.548 [JavaFX Application Thread] DEBUG Input                - Registered new binding: Toggle Debug Camera - CTRL+C
17:56:30.550 [JavaFX Application Thread] DEBUG LoopRunner           - Starting loop
17:56:30.550 [JavaFX Application Thread] DEBUG GameApplicationServi - Starting new game
17:56:30.551 [JavaFX Application Thread] DEBUG Input                - Clearing active input actions
17:56:30.560 [JavaFX Application Thread] DEBUG GameApplicationServi - Removing overlay from StartupScene and adding to FXGLLoadingScene
17:56:30.560 [JavaFX Application Thread] DEBUG MainWindow           - StartupScene -> FXGLLoadingScene
17:56:30.560 [JavaFX Application Thread] DEBUG GameApplicationServi - Clearing previous game
17:56:30.561 [JavaFX Application Thread] DEBUG GameScene            - Clearing game scene
17:56:30.561 [JavaFX Application Thread] DEBUG GameWorld            - Clearing game world
17:56:30.561 [JavaFX Application Thread] DEBUG PhysicsWorld         - Clearing physics world
17:56:30.561 [FXGL Background Thread 1 ] DEBUG FXGLApplication      - Initializing game
17:56:30.669 [FXGL Background Thread 1 ] DEBUG FXGLAssetLoaderServi - Loading from file system: /assets/ui/main.fxml
17:56:30.674 [Thread-3                 ] DEBUG TCPServer            - Starting to listen at: 55555 type: class java.lang.String
17:56:30.704 [FXGL Background Thread 4 ] DEBUG FXGLAssetLoaderServi - Loading from file system: /assets/ui/fonts/Abel-Regular.ttf
17:56:30.708 [FXGL Background Thread 4 ] DEBUG FXGLAssetLoaderServi - Loading from file system: /assets/ui/fonts/lucida_console.ttf
17:56:30.714 [FXGL Background Thread 4 ] DEBUG FXGLAssetLoaderServi - Loading from file system: /assets/ui/fonts/Courier-Prime.ttf
17:56:30.718 [FXGL Background Thread 1 ] INFO  FXGLApplication      - Game initialization took: 0.158 sec
17:56:30.719 [JavaFX Application Thread] DEBUG Input                - Clearing active input actions
17:56:30.731 [JavaFX Application Thread] DEBUG GameApplicationServi - Removing overlay from FXGLLoadingScene and adding to GameScene
17:56:30.732 [JavaFX Application Thread] DEBUG MainWindow           - FXGLLoadingScene -> GameScene
17:56:30.732 [JavaFX Application Thread] DEBUG FXGLApplication      - Registering font factories with UI factory
17:56:31.051 [FXGL Background Thread 2 ] INFO  UpdaterService       - Your current version:  11.11
17:56:31.051 [FXGL Background Thread 2 ] INFO  UpdaterService       - Latest stable version: 21+dev-SNAPSHOT
17:56:33.509 [FXGL Background Thread 3 ] DEBUG Engine               - Logging environment variables
17:56:33.511 [FXGL Background Thread 3 ] DEBUG Engine               - achievements: []
17:56:33.512 [FXGL Background Thread 3 ] DEBUG Engine               - appIcon: fxgl_icon.png
17:56:33.512 [FXGL Background Thread 3 ] DEBUG Engine               - applicationMode: DEBUG
17:56:33.512 [FXGL Background Thread 3 ] DEBUG Engine               - cSSList: [fxgl_dark.css]
17:56:33.513 [FXGL Background Thread 3 ] DEBUG Engine               - configClass: Optional.empty
17:56:33.513 [FXGL Background Thread 3 ] DEBUG Engine               - credits: []
17:56:33.514 [FXGL Background Thread 3 ] DEBUG Engine               - devBBoxColorProperty: ObjectProperty [value: 0xff0000ff]
17:56:33.514 [FXGL Background Thread 3 ] DEBUG Engine               - devEnableDebugCameraProperty: BooleanProperty [value: false]
17:56:33.515 [FXGL Background Thread 3 ] DEBUG Engine               - devSensorColorProperty: ObjectProperty [value: 0xffff00ff]
17:56:33.515 [FXGL Background Thread 3 ] DEBUG Engine               - devShowBBoxProperty: BooleanProperty [value: false]
17:56:33.515 [FXGL Background Thread 3 ] DEBUG Engine               - devShowPositionProperty: BooleanProperty [value: false]
17:56:33.515 [FXGL Background Thread 3 ] DEBUG Engine               - enabledMenuItems: []
17:56:33.515 [FXGL Background Thread 3 ] DEBUG Engine               - engineServices: [class com.almasb.fxgl.app.FXGLApplication$GameApplicationService, class com.almasb.fxgl.app.services.FXGLDialogService, class com.almasb.fxgl.app.services.IOTaskExecutorService, class com.almasb.fxgl.event.EventBusService, class com.almasb.fxgl.io.FileSystemService, class com.almasb.fxgl.localization.LocalizationService, class com.almasb.fxgl.app.services.FXGLAssetLoaderService, class com.almasb.fxgl.app.services.SystemBundleService, class com.almasb.fxgl.profile.SaveLoadService, class com.almasb.fxgl.ui.FXGLUIFactoryServiceProvider, class com.almasb.fxgl.ui.FXGLDialogFactoryServiceProvider, class com.almasb.fxgl.audio.AudioPlayer, class com.almasb.fxgl.notification.impl.NotificationServiceProvider, class com.almasb.fxgl.achievement.AchievementService, class com.almasb.fxgl.cutscene.CutsceneService, class com.almasb.fxgl.minigames.MiniGameService, class com.almasb.fxgl.net.NetService, class com.almasb.fxgl.app.services.UpdaterService, class com.almasb.fxgl.dev.DevService]
17:56:33.515 [FXGL Background Thread 3 ] DEBUG Engine               - fontGame: Abel-Regular.ttf
17:56:33.515 [FXGL Background Thread 3 ] DEBUG Engine               - fontMono: lucida_console.ttf
17:56:33.515 [FXGL Background Thread 3 ] DEBUG Engine               - fontText: Courier-Prime.ttf
17:56:33.515 [FXGL Background Thread 3 ] DEBUG Engine               - fontUI: pong.ttf
17:56:33.515 [FXGL Background Thread 3 ] DEBUG Engine               - fullScreen: BooleanProperty [value: false]
17:56:33.515 [FXGL Background Thread 3 ] DEBUG Engine               - gameDifficulty: MEDIUM
17:56:33.515 [FXGL Background Thread 3 ] DEBUG Engine               - gameDifficultyProperty: ObjectProperty [value: MEDIUM]
17:56:33.516 [FXGL Background Thread 3 ] DEBUG Engine               - globalMusicVolume: 0.5
17:56:33.516 [FXGL Background Thread 3 ] DEBUG Engine               - globalMusicVolumeProperty: DoubleProperty [value: 0.5]
17:56:33.516 [FXGL Background Thread 3 ] DEBUG Engine               - globalSoundVolume: 0.5
17:56:33.516 [FXGL Background Thread 3 ] DEBUG Engine               - globalSoundVolumeProperty: DoubleProperty [value: 0.5]
17:56:33.516 [FXGL Background Thread 3 ] DEBUG Engine               - height: 600
17:56:33.516 [FXGL Background Thread 3 ] DEBUG Engine               - isAndroid: false
17:56:33.516 [FXGL Background Thread 3 ] DEBUG Engine               - isBrowser: false
17:56:33.516 [FXGL Background Thread 3 ] DEBUG Engine               - isClickFeedbackEnabled: false
17:56:33.516 [FXGL Background Thread 3 ] DEBUG Engine               - isCloseConfirmation: false
17:56:33.516 [FXGL Background Thread 3 ] DEBUG Engine               - isDesktop: true
17:56:33.516 [FXGL Background Thread 3 ] DEBUG Engine               - isDeveloperMenuEnabled: false
17:56:33.517 [FXGL Background Thread 3 ] DEBUG Engine               - isEntityPreloadEnabled: true
17:56:33.517 [FXGL Background Thread 3 ] DEBUG Engine               - isExperimentalNative: false
17:56:33.517 [FXGL Background Thread 3 ] DEBUG Engine               - isExperimentalTiledLargeMap: false
17:56:33.517 [FXGL Background Thread 3 ] DEBUG Engine               - isFileSystemWriteAllowed: true
17:56:33.517 [FXGL Background Thread 3 ] DEBUG Engine               - isFullScreenAllowed: false
17:56:33.517 [FXGL Background Thread 3 ] DEBUG Engine               - isFullScreenFromStart: false
17:56:33.517 [FXGL Background Thread 3 ] DEBUG Engine               - isGameMenuEnabled: true
17:56:33.517 [FXGL Background Thread 3 ] DEBUG Engine               - isIOS: false
17:56:33.517 [FXGL Background Thread 3 ] DEBUG Engine               - isIntroEnabled: false
17:56:33.517 [FXGL Background Thread 3 ] DEBUG Engine               - isLinux: false
17:56:33.518 [FXGL Background Thread 3 ] DEBUG Engine               - isMac: false
17:56:33.518 [FXGL Background Thread 3 ] DEBUG Engine               - isMainMenuEnabled: false
17:56:33.518 [FXGL Background Thread 3 ] DEBUG Engine               - isManualResizeEnabled: false
17:56:33.518 [FXGL Background Thread 3 ] DEBUG Engine               - isMobile: false
17:56:33.518 [FXGL Background Thread 3 ] DEBUG Engine               - isPreserveResizeRatio: false
17:56:33.519 [FXGL Background Thread 3 ] DEBUG Engine               - isProfilingEnabled: false
17:56:33.519 [FXGL Background Thread 3 ] DEBUG Engine               - isSingleStep: false
17:56:33.519 [FXGL Background Thread 3 ] DEBUG Engine               - isUserProfileEnabled: false
17:56:33.519 [FXGL Background Thread 3 ] DEBUG Engine               - isWindows: true
17:56:33.519 [FXGL Background Thread 3 ] DEBUG Engine               - language: ObjectProperty [value: ENGLISH]
17:56:33.519 [FXGL Background Thread 3 ] DEBUG Engine               - menuKey: ESCAPE
17:56:33.519 [FXGL Background Thread 3 ] DEBUG Engine               - notificationViewClass: class com.almasb.fxgl.notification.view.XboxNotificationView
17:56:33.519 [FXGL Background Thread 3 ] DEBUG Engine               - pixelsPerMeter: 50.0
17:56:33.519 [FXGL Background Thread 3 ] DEBUG Engine               - platform: WINDOWS
17:56:33.519 [FXGL Background Thread 3 ] DEBUG Engine               - profileDir: profiles/
17:56:33.520 [FXGL Background Thread 3 ] DEBUG Engine               - profileName: StringProperty [value: DEFAULT]
17:56:33.520 [FXGL Background Thread 3 ] DEBUG Engine               - randomSeed: -1
17:56:33.520 [FXGL Background Thread 3 ] DEBUG Engine               - runtimeInfo: RuntimeInfo(platform=WINDOWS, version=11.11, build=08.09.2020 18.00)
17:56:33.520 [FXGL Background Thread 3 ] DEBUG Engine               - saveFileExt: sav
17:56:33.520 [FXGL Background Thread 3 ] DEBUG Engine               - sceneFactory: com.almasb.fxgl.app.scene.SceneFactory@4ec13eb4
17:56:33.520 [FXGL Background Thread 3 ] DEBUG Engine               - secondsIn24h: 60
17:56:33.520 [FXGL Background Thread 3 ] DEBUG Engine               - soundMenuBack: menu/back.wav
17:56:33.520 [FXGL Background Thread 3 ] DEBUG Engine               - soundMenuPress: menu/press.wav
17:56:33.520 [FXGL Background Thread 3 ] DEBUG Engine               - soundMenuSelect: menu/select.wav
17:56:33.520 [FXGL Background Thread 3 ] DEBUG Engine               - soundNotification: core/notification.wav
17:56:33.520 [FXGL Background Thread 3 ] DEBUG Engine               - stageStyle: DECORATED
17:56:33.520 [FXGL Background Thread 3 ] DEBUG Engine               - supportedLanguages: [ENGLISH, FRENCH, GERMAN, HUNGARIAN, RUSSIAN]
17:56:33.520 [FXGL Background Thread 3 ] DEBUG Engine               - title: Pong
17:56:33.520 [FXGL Background Thread 3 ] DEBUG Engine               - urlGithub: https://github.com/AlmasB/FXGL
17:56:33.521 [FXGL Background Thread 3 ] DEBUG Engine               - urlLeaderboard: http://fxgl-top.herokuapp.com/
17:56:33.521 [FXGL Background Thread 3 ] DEBUG Engine               - urlPOM: https://raw.githubusercontent.com/AlmasB/FXGL/master/pom.xml
17:56:33.521 [FXGL Background Thread 3 ] DEBUG Engine               - version: 1.0
17:56:33.521 [FXGL Background Thread 3 ] DEBUG Engine               - versionCheckDays: 7
17:56:33.521 [FXGL Background Thread 3 ] DEBUG Engine               - width: 800
17:56:33.521 [FXGL Background Thread 3 ] DEBUG Engine               - Logging services
17:56:33.521 [FXGL Background Thread 3 ] DEBUG Engine               - class com.almasb.fxgl.app.FXGLApplication$GameApplicationService
17:56:33.521 [FXGL Background Thread 3 ] DEBUG Engine               - class com.almasb.fxgl.app.services.FXGLDialogService
17:56:33.521 [FXGL Background Thread 3 ] DEBUG Engine               - class com.almasb.fxgl.app.services.IOTaskExecutorService
17:56:33.521 [FXGL Background Thread 3 ] DEBUG Engine               - class com.almasb.fxgl.event.EventBusService
17:56:33.521 [FXGL Background Thread 3 ] DEBUG Engine               - class com.almasb.fxgl.io.FileSystemService
17:56:33.521 [FXGL Background Thread 3 ] DEBUG Engine               - class com.almasb.fxgl.localization.LocalizationService
17:56:33.521 [FXGL Background Thread 3 ] DEBUG Engine               - class com.almasb.fxgl.app.services.FXGLAssetLoaderService
17:56:33.522 [FXGL Background Thread 3 ] DEBUG Engine               - class com.almasb.fxgl.app.services.SystemBundleService
17:56:33.522 [FXGL Background Thread 3 ] DEBUG Engine               - class com.almasb.fxgl.profile.SaveLoadService
17:56:33.522 [FXGL Background Thread 3 ] DEBUG Engine               - class com.almasb.fxgl.ui.FXGLUIFactoryServiceProvider
17:56:33.522 [FXGL Background Thread 3 ] DEBUG Engine               - class com.almasb.fxgl.ui.FXGLDialogFactoryServiceProvider
17:56:33.522 [FXGL Background Thread 3 ] DEBUG Engine               - class com.almasb.fxgl.audio.AudioPlayer
17:56:33.522 [FXGL Background Thread 3 ] DEBUG Engine               - class com.almasb.fxgl.notification.impl.NotificationServiceProvider
17:56:33.522 [FXGL Background Thread 3 ] DEBUG Engine               - class com.almasb.fxgl.achievement.AchievementService
17:56:33.522 [FXGL Background Thread 3 ] DEBUG Engine               - class com.almasb.fxgl.cutscene.CutsceneService
17:56:33.523 [FXGL Background Thread 3 ] DEBUG Engine               - class com.almasb.fxgl.minigames.MiniGameService
17:56:33.523 [FXGL Background Thread 3 ] DEBUG Engine               - class com.almasb.fxgl.net.NetService
17:56:33.523 [FXGL Background Thread 3 ] DEBUG Engine               - class com.almasb.fxgl.app.services.UpdaterService
17:56:33.523 [FXGL Background Thread 3 ] DEBUG Engine               - class com.almasb.fxgl.dev.DevService
17:56:35.634 [Thread-3                 ] DEBUG Endpoint             - TCPServer opening new connection (1) from /127.0.0.1:50553 type: class java.lang.String
17:56:35.638 [Thread-3                 ] DEBUG Endpoint             - TCPServer successfully opened connection (1)
17:56:35.641 [TCPServer_SendThread-1   ] DEBUG Writers              - Getting TCPMessageWriter for class java.lang.String
17:56:35.642 [TCPServer_RecvThread-1   ] DEBUG Readers              - Getting TCPMessageReader for class java.lang.String
17:56:35.643 [TCPServer_SendThread-1   ] DEBUG Writers              - Constructed TCPMessageWriter for class java.lang.String: MessageWriterS
17:56:35.643 [TCPServer_RecvThread-1   ] DEBUG Readers              - Constructed MessageReader for class java.lang.String: MessageReaderS
17:56:36.432 [JavaFX Application Thread] DEBUG Input                - Mocking key press: W
17:56:36.576 [JavaFX Application Thread] DEBUG Input                - Mocking key release: W
17:56:37.192 [JavaFX Application Thread] DEBUG Input                - Mocking key press: W
17:56:37.192 [JavaFX Application Thread] DEBUG Input                - Mocking key press: A
17:56:37.486 [JavaFX Application Thread] DEBUG Input                - Mocking key release: W
17:56:37.488 [JavaFX Application Thread] DEBUG Input                - Mocking key release: A
17:56:37.987 [JavaFX Application Thread] DEBUG Input                - Mocking key press: A
17:56:38.276 [JavaFX Application Thread] DEBUG Input                - Mocking key release: A
17:56:38.419 [JavaFX Application Thread] DEBUG Input                - Mocking key press: A
17:56:38.466 [JavaFX Application Thread] DEBUG Input                - Mocking key press: W
17:56:38.659 [JavaFX Application Thread] DEBUG Input                - Mocking key release: W
17:56:38.710 [JavaFX Application Thread] DEBUG Input                - Mocking key release: A
17:56:39.250 [JavaFX Application Thread] DEBUG Input                - Mocking key press: A
17:56:39.444 [JavaFX Application Thread] DEBUG Input                - Mocking key press: W
17:56:39.592 [JavaFX Application Thread] DEBUG Input                - Mocking key release: W
17:56:39.640 [JavaFX Application Thread] DEBUG Input                - Mocking key release: A
17:56:40.220 [JavaFX Application Thread] DEBUG Input                - Mocking key press: D
17:56:40.365 [JavaFX Application Thread] DEBUG Input                - Mocking key press: W
17:56:40.624 [JavaFX Application Thread] DEBUG Input                - Mocking key release: D
17:56:40.624 [JavaFX Application Thread] DEBUG Input                - Mocking key release: W
17:56:41.059 [JavaFX Application Thread] DEBUG Input                - Mocking key press: A
17:56:41.107 [JavaFX Application Thread] DEBUG Input                - Mocking key press: W
17:56:41.690 [JavaFX Application Thread] DEBUG Input                - Mocking key release: A
17:56:41.690 [JavaFX Application Thread] DEBUG Input                - Mocking key release: W
17:56:42.134 [JavaFX Application Thread] DEBUG Input                - Mocking key press: W
17:56:42.189 [JavaFX Application Thread] DEBUG Input                - Mocking key press: D
17:56:42.522 [JavaFX Application Thread] DEBUG Input                - Mocking key release: D
17:56:42.523 [JavaFX Application Thread] DEBUG Input                - Mocking key release: W
17:56:42.862 [JavaFX Application Thread] DEBUG Input                - Mocking key press: A
17:56:42.958 [JavaFX Application Thread] DEBUG Input                - Mocking key press: W
17:56:43.199 [JavaFX Application Thread] DEBUG Input                - Mocking key release: A
17:56:43.199 [JavaFX Application Thread] DEBUG Input                - Mocking key release: W
17:56:43.772 [JavaFX Application Thread] DEBUG Input                - Mocking key press: W
17:56:44.257 [JavaFX Application Thread] DEBUG Input                - Mocking key release: W
17:56:44.547 [JavaFX Application Thread] DEBUG Input                - Mocking key press: A
17:56:44.643 [JavaFX Application Thread] DEBUG Input                - Mocking key release: A
17:56:45.031 [JavaFX Application Thread] DEBUG Input                - Mocking key press: W
17:56:45.223 [JavaFX Application Thread] DEBUG Input                - Mocking key press: D
17:56:45.708 [JavaFX Application Thread] DEBUG Input                - Mocking key release: W
17:56:45.757 [JavaFX Application Thread] DEBUG Input                - Mocking key release: D
17:56:46.881 [JavaFX Application Thread] DEBUG Input                - Mocking key press: S
17:56:47.018 [JavaFX Application Thread] DEBUG Input                - Mocking key release: S
17:56:47.298 [JavaFX Application Thread] DEBUG Input                - Mocking key press: W
17:56:47.441 [JavaFX Application Thread] DEBUG Input                - Mocking key release: W
17:56:48.063 [JavaFX Application Thread] DEBUG Input                - Mocking key press: S
17:56:48.204 [JavaFX Application Thread] DEBUG Input                - Mocking key release: S
17:56:48.580 [JavaFX Application Thread] DEBUG Input                - Mocking key press: W
17:56:48.722 [JavaFX Application Thread] DEBUG Input                - Mocking key release: W
17:56:49.340 [JavaFX Application Thread] DEBUG Input                - Mocking key press: S
17:56:49.480 [JavaFX Application Thread] DEBUG Input                - Mocking key release: S
17:56:49.665 [JavaFX Application Thread] DEBUG Input                - Mocking key press: A
17:56:49.762 [JavaFX Application Thread] DEBUG Input                - Mocking key release: A
17:56:50.374 [JavaFX Application Thread] DEBUG Input                - Mocking key press: D
17:56:50.513 [JavaFX Application Thread] DEBUG Input                - Mocking key press: W
17:56:50.705 [JavaFX Application Thread] DEBUG Input                - Mocking key release: W
17:56:50.705 [JavaFX Application Thread] DEBUG Input                - Mocking key release: D
17:56:51.508 [JavaFX Application Thread] DEBUG Input                - Mocking key press: D
17:56:51.555 [JavaFX Application Thread] DEBUG Input                - Mocking key press: S
17:56:51.601 [JavaFX Application Thread] DEBUG Input                - Mocking key release: D
17:56:51.648 [JavaFX Application Thread] DEBUG Input                - Mocking key release: S
17:56:51.933 [JavaFX Application Thread] DEBUG Input                - Mocking key press: W
17:56:52.075 [JavaFX Application Thread] DEBUG Input                - Mocking key release: W
17:56:52.453 [JavaFX Application Thread] DEBUG Input                - Mocking key press: A
17:56:52.644 [JavaFX Application Thread] DEBUG Input                - Mocking key release: A
17:56:53.073 [JavaFX Application Thread] DEBUG Input                - Mocking key press: D
17:56:53.263 [JavaFX Application Thread] DEBUG Input                - Mocking key press: W
17:56:53.501 [JavaFX Application Thread] DEBUG Input                - Mocking key release: D
17:56:53.547 [JavaFX Application Thread] DEBUG Input                - Mocking key release: W
17:56:54.073 [JavaFX Application Thread] DEBUG Input                - Mocking key press: A
17:56:54.171 [JavaFX Application Thread] DEBUG Input                - Mocking key release: A
17:56:54.592 [JavaFX Application Thread] DEBUG Input                - Mocking key press: D
17:56:54.826 [JavaFX Application Thread] DEBUG Input                - Mocking key release: D
17:56:55.341 [JavaFX Application Thread] DEBUG Input                - Mocking key press: W
17:56:55.434 [JavaFX Application Thread] DEBUG Input                - Mocking key release: W
17:56:56.507 [JavaFX Application Thread] DEBUG Input                - Mocking key press: W
17:56:56.651 [JavaFX Application Thread] DEBUG Input                - Mocking key release: W
17:56:57.413 [JavaFX Application Thread] DEBUG Input                - Mocking key press: W
17:56:57.508 [JavaFX Application Thread] DEBUG Input                - Mocking key release: W
17:56:58.400 [JavaFX Application Thread] DEBUG Input                - Mocking key press: W
17:56:58.544 [JavaFX Application Thread] DEBUG Input                - Mocking key release: W
17:56:59.202 [JavaFX Application Thread] DEBUG Input                - Mocking key press: W
17:56:59.297 [JavaFX Application Thread] DEBUG Input                - Mocking key release: W
17:56:59.968 [JavaFX Application Thread] DEBUG Input                - Mocking key press: W
17:57:00.114 [JavaFX Application Thread] DEBUG Input                - Mocking key release: W
17:57:00.770 [JavaFX Application Thread] DEBUG Input                - Mocking key press: W
17:57:00.873 [JavaFX Application Thread] DEBUG Input                - Mocking key release: W
17:57:01.764 [JavaFX Application Thread] DEBUG Input                - Mocking key press: W
17:57:01.858 [JavaFX Application Thread] DEBUG Input                - Mocking key release: W
17:57:02.901 [JavaFX Application Thread] DEBUG Input                - Mocking key press: A
17:57:03.288 [JavaFX Application Thread] DEBUG Input                - Mocking key release: A
17:57:03.808 [JavaFX Application Thread] DEBUG Input                - Mocking key press: A
17:57:03.993 [JavaFX Application Thread] DEBUG Input                - Mocking key release: A
17:57:04.319 [JavaFX Application Thread] DEBUG Input                - Mocking key press: W
17:57:04.605 [JavaFX Application Thread] DEBUG Input                - Mocking key release: W
17:57:05.358 [JavaFX Application Thread] DEBUG Input                - Mocking key press: A
17:57:05.358 [JavaFX Application Thread] DEBUG Input                - Mocking key press: W
17:57:05.644 [JavaFX Application Thread] DEBUG Input                - Mocking key release: A
17:57:05.644 [JavaFX Application Thread] DEBUG Input                - Mocking key release: W
17:57:06.506 [JavaFX Application Thread] DEBUG Input                - Mocking key press: D
17:57:06.694 [JavaFX Application Thread] DEBUG Input                - Mocking key release: D
17:57:07.353 [JavaFX Application Thread] DEBUG Input                - Mocking key press: D
17:57:07.986 [JavaFX Application Thread] DEBUG Input                - Mocking key release: D
17:57:18.380 [JavaFX Application Thread] DEBUG Input                - Mocking key press: W
17:57:18.523 [JavaFX Application Thread] DEBUG Input                - Mocking key release: W
17:57:54.974 [Thread-3                 ] DEBUG Endpoint             - TCPServer opening new connection (2) from /127.0.0.1:50563 type: class java.lang.String
17:57:54.974 [Thread-3                 ] DEBUG Endpoint             - TCPServer successfully opened connection (2)
17:57:54.975 [TCPServer_SendThread-2   ] DEBUG Writers              - Getting TCPMessageWriter for class java.lang.String
17:57:54.975 [TCPServer_RecvThread-2   ] DEBUG Readers              - Getting TCPMessageReader for class java.lang.String
17:57:54.975 [TCPServer_SendThread-2   ] DEBUG Writers              - Constructed TCPMessageWriter for class java.lang.String: MessageWriterS
17:57:54.975 [TCPServer_RecvThread-2   ] DEBUG Readers              - Constructed MessageReader for class java.lang.String: MessageReaderS
17:58:02.524 [JavaFX Application Thread] DEBUG FXGLApplication      - Exiting FXGL
17:58:02.524 [JavaFX Application Thread] DEBUG LoopRunner           - Stopping loop
17:58:02.524 [JavaFX Application Thread] DEBUG SystemBundleService  - Saving FXGL system data
17:58:02.526 [JavaFX Application Thread] DEBUG FileSystemAccess     - Writing to: C:\Users\poppy\3rd year\CI628-PongServer-master\system\fxgl.bundle
17:58:02.527 [JavaFX Application Thread] DEBUG Async                - Shutting down background threads
17:58:02.527 [JavaFX Application Thread] DEBUG MainWindow           - Closing main window
17:58:02.537 [JavaFX Application Thread] DEBUG Logger               - Closing Logger
