17:36:46.066 [main                     ] DEBUG Logger               - Configured Logger
17:36:46.088 [main                     ] DEBUG GameApplication      - Logging settings
Title: Pong
Version: 1.0
Width: 800
Height: 600
Fullscreen: false
Intro: false
Profiling: false
Single step:false
App Mode: DEBUG
Menu Key: ESCAPE
Stage Style: DECORATED
Scene Factory: class com.almasb.fxgl.app.scene.SceneFactory

17:36:46.453 [JavaFX Application Thread] DEBUG FXGLApplication      - Initializing FXGL
17:36:46.459 [JavaFX Application Thread] INFO  Engine               - FXGL-11.11 (08.09.2020 18.00) on WINDOWS (J:11.0.12 FX:14)
17:36:46.459 [JavaFX Application Thread] DEBUG Engine               - JRE Vendor Name: Microsoft
17:36:46.459 [JavaFX Application Thread] DEBUG Engine               - Running on OS: Windows 10 version 10.0
17:36:46.459 [JavaFX Application Thread] DEBUG Engine               - Architecture: amd64
17:36:46.459 [JavaFX Application Thread] INFO  Engine               - Source code and latest versions at: https://github.com/AlmasB/FXGL
17:36:46.459 [JavaFX Application Thread] INFO  Engine               -              Join the FXGL chat at: https://gitter.im/AlmasB/FXGL
17:36:46.547 [JavaFX Application Thread] DEBUG MainWindow           - Creating a JavaFX scene
17:36:46.595 [JavaFX Application Thread] DEBUG MainWindow           - Target settings size: 800.0 x 600.0
17:36:46.595 [JavaFX Application Thread] DEBUG MainWindow           - Scaled scene size:    800.0 x 600.0
17:36:46.595 [JavaFX Application Thread] DEBUG MainWindow           - Scaled ratio: (1.0, 1.0)
17:36:46.595 [JavaFX Application Thread] DEBUG MainWindow           - Set initial scene to StartupScene
17:36:46.599 [JavaFX Application Thread] DEBUG MainWindow           - Opening main window
17:36:46.669 [JavaFX Application Thread] DEBUG MainWindow           - Window border size: (16.0, 39.0)
17:36:46.670 [JavaFX Application Thread] DEBUG MainWindow           - Scaled size: 800.0 x 600.0
17:36:46.670 [JavaFX Application Thread] DEBUG MainWindow           - Scaled ratio: (1.0, 1.0)
17:36:46.670 [JavaFX Application Thread] DEBUG MainWindow           - Scene size: 800.0 x 600.0
17:36:46.670 [JavaFX Application Thread] DEBUG MainWindow           - Stage size: 816.0 x 639.0
17:36:46.678 [FXGL Background Thread 1 ] DEBUG Engine               - Initializing environment variables
17:36:46.713 [FXGL Background Thread 1 ] DEBUG GameApplicationServi - Applying CSS: fxgl_dark.css
17:36:46.713 [FXGL Background Thread 1 ] DEBUG FXGLAssetLoaderServi - Loading from file system: /assets/ui/css/fxgl_dark.css
17:36:46.769 [FXGL Background Thread 1 ] DEBUG GameApplicationServi - Initializing application scenes
17:36:46.806 [FXGL Background Thread 1 ] DEBUG GameWorld            - Game world initialized
17:36:46.851 [FXGL Background Thread 1 ] DEBUG PhysicsWorld         - Physics world initialized: appHeight=600, physics.ppm=50.0
17:36:46.853 [FXGL Background Thread 1 ] DEBUG GameScene            - Game scene initialized: 800x600
17:36:46.878 [FXGL Background Thread 1 ] DEBUG FXGLAssetLoaderServi - Loading from file system: /assets/textures/particles/trace_horizontal.png
17:36:46.920 [FXGL Background Thread 1 ] DEBUG FXGL.DefaultMenu     - createMenuBodyGameMenu()
17:36:46.934 [FXGL Background Thread 1 ] DEBUG FXGL.DefaultMenu     - createOptionsMenu()
17:36:46.938 [FXGL Background Thread 1 ] DEBUG FXGLAssetLoaderServi - Loading from file system: /assets/textures/particles/smoke.png
17:36:46.984 [FXGL Background Thread 1 ] DEBUG GameApplicationServi - Application scenes initialized
17:36:46.992 [FXGL Background Thread 1 ] DEBUG SystemBundleService  - Loading FXGL system data
17:36:46.995 [FXGL Background Thread 1 ] DEBUG FileSystemAccess     - Reading from: C:\Users\poppy\3rd year\CI628-PongServer-master\system\fxgl.bundle
17:36:46.999 [FXGL Background Thread 1 ] DEBUG SystemBundleService  - Bundle FXGL: {}
17:36:46.999 [FXGL Background Thread 1 ] DEBUG UpdaterService       - Checking for updates
17:36:47.003 [FXGL Background Thread 4 ] DEBUG FXGLApplication      - Loading fonts
17:36:47.003 [FXGL Background Thread 4 ] DEBUG FXGLAssetLoaderServi - Loading from file system: /assets/ui/fonts/pong.ttf
17:36:47.003 [FXGL Background Thread 1 ] DEBUG FXGLApplication      - Loading default localization
17:36:47.003 [FXGL Background Thread 1 ] DEBUG FXGLAssetLoaderServi - Loading from file system: /assets/languages/english.lang
17:36:47.015 [FXGL Background Thread 1 ] INFO  FXGLApplication      - FXGL initialization took: 0.337 sec
17:36:47.024 [JavaFX Application Thread] DEBUG Input                - Registered new binding: Up1 - W
17:36:47.024 [JavaFX Application Thread] DEBUG Input                - Registered new binding: Down1 - S
17:36:47.025 [JavaFX Application Thread] DEBUG Input                - Registered new binding: Left1 - A
17:36:47.025 [JavaFX Application Thread] DEBUG Input                - Registered new binding: Right1 - D
17:36:47.025 [JavaFX Application Thread] DEBUG Input                - Registered new binding: Up2 - I
17:36:47.025 [JavaFX Application Thread] DEBUG Input                - Registered new binding: Down2 - K
17:36:47.025 [JavaFX Application Thread] DEBUG Input                - Registered new binding: Left2 - J
17:36:47.025 [JavaFX Application Thread] DEBUG Input                - Registered new binding: Right2 - L
17:36:47.026 [JavaFX Application Thread] DEBUG Input                - Registered new binding: Up3 - T
17:36:47.026 [JavaFX Application Thread] DEBUG Input                - Registered new binding: Down3 - G
17:36:47.026 [JavaFX Application Thread] DEBUG Input                - Registered new binding: Left3 - F
17:36:47.026 [JavaFX Application Thread] DEBUG Input                - Registered new binding: Right3 - H
17:36:47.026 [JavaFX Application Thread] DEBUG FXGLAssetLoaderServi - Loading from file system: /assets/textures/fxgl_icon.png
17:36:47.040 [JavaFX Application Thread] DEBUG FXGLAssetLoaderServi - Loading from file system: /assets/ui/cursors/fxgl_default.png
17:36:47.042 [JavaFX Application Thread] DEBUG Input                - Registered new binding: Screenshot - P
17:36:47.043 [JavaFX Application Thread] DEBUG Input                - Registered new binding: System info dump - CTRL+9
17:36:47.043 [JavaFX Application Thread] DEBUG Input                - Registered new binding: Restart - CTRL+R
17:36:47.044 [JavaFX Application Thread] DEBUG Input                - Registered new binding: Toggle Debug Camera - CTRL+C
17:36:47.046 [JavaFX Application Thread] DEBUG LoopRunner           - Starting loop
17:36:47.047 [JavaFX Application Thread] DEBUG GameApplicationServi - Starting new game
17:36:47.047 [JavaFX Application Thread] DEBUG Input                - Clearing active input actions
17:36:47.057 [JavaFX Application Thread] DEBUG GameApplicationServi - Removing overlay from StartupScene and adding to FXGLLoadingScene
17:36:47.057 [JavaFX Application Thread] DEBUG MainWindow           - StartupScene -> FXGLLoadingScene
17:36:47.057 [JavaFX Application Thread] DEBUG GameApplicationServi - Clearing previous game
17:36:47.057 [JavaFX Application Thread] DEBUG GameScene            - Clearing game scene
17:36:47.058 [JavaFX Application Thread] DEBUG GameWorld            - Clearing game world
17:36:47.058 [JavaFX Application Thread] DEBUG PhysicsWorld         - Clearing physics world
17:36:47.059 [FXGL Background Thread 1 ] DEBUG FXGLApplication      - Initializing game
17:36:47.202 [FXGL Background Thread 1 ] DEBUG FXGLAssetLoaderServi - Loading from file system: /assets/ui/main.fxml
17:36:47.207 [Thread-3                 ] DEBUG TCPServer            - Starting to listen at: 55555 type: class java.lang.String
17:36:47.226 [FXGL Background Thread 4 ] DEBUG FXGLAssetLoaderServi - Loading from file system: /assets/ui/fonts/Abel-Regular.ttf
17:36:47.230 [FXGL Background Thread 4 ] DEBUG FXGLAssetLoaderServi - Loading from file system: /assets/ui/fonts/lucida_console.ttf
17:36:47.236 [FXGL Background Thread 4 ] DEBUG FXGLAssetLoaderServi - Loading from file system: /assets/ui/fonts/Courier-Prime.ttf
17:36:47.242 [JavaFX Application Thread] DEBUG FXGLApplication      - Registering font factories with UI factory
17:36:47.268 [FXGL Background Thread 1 ] INFO  FXGLApplication      - Game initialization took: 0.209 sec
17:36:47.268 [JavaFX Application Thread] DEBUG Input                - Clearing active input actions
17:36:47.285 [JavaFX Application Thread] DEBUG GameApplicationServi - Removing overlay from FXGLLoadingScene and adding to GameScene
17:36:47.285 [JavaFX Application Thread] DEBUG MainWindow           - FXGLLoadingScene -> GameScene
17:36:48.311 [FXGL Background Thread 2 ] INFO  UpdaterService       - Your current version:  11.11
17:36:48.312 [FXGL Background Thread 2 ] INFO  UpdaterService       - Latest stable version: 21+dev-SNAPSHOT
17:36:50.002 [FXGL Background Thread 3 ] DEBUG Engine               - Logging environment variables
17:36:50.002 [FXGL Background Thread 3 ] DEBUG Engine               - achievements: []
17:36:50.003 [FXGL Background Thread 3 ] DEBUG Engine               - appIcon: fxgl_icon.png
17:36:50.003 [FXGL Background Thread 3 ] DEBUG Engine               - applicationMode: DEBUG
17:36:50.003 [FXGL Background Thread 3 ] DEBUG Engine               - cSSList: [fxgl_dark.css]
17:36:50.003 [FXGL Background Thread 3 ] DEBUG Engine               - configClass: Optional.empty
17:36:50.003 [FXGL Background Thread 3 ] DEBUG Engine               - credits: []
17:36:50.003 [FXGL Background Thread 3 ] DEBUG Engine               - devBBoxColorProperty: ObjectProperty [value: 0xff0000ff]
17:36:50.003 [FXGL Background Thread 3 ] DEBUG Engine               - devEnableDebugCameraProperty: BooleanProperty [value: false]
17:36:50.004 [FXGL Background Thread 3 ] DEBUG Engine               - devSensorColorProperty: ObjectProperty [value: 0xffff00ff]
17:36:50.004 [FXGL Background Thread 3 ] DEBUG Engine               - devShowBBoxProperty: BooleanProperty [value: false]
17:36:50.004 [FXGL Background Thread 3 ] DEBUG Engine               - devShowPositionProperty: BooleanProperty [value: false]
17:36:50.004 [FXGL Background Thread 3 ] DEBUG Engine               - enabledMenuItems: []
17:36:50.004 [FXGL Background Thread 3 ] DEBUG Engine               - engineServices: [class com.almasb.fxgl.app.FXGLApplication$GameApplicationService, class com.almasb.fxgl.app.services.FXGLDialogService, class com.almasb.fxgl.app.services.IOTaskExecutorService, class com.almasb.fxgl.event.EventBusService, class com.almasb.fxgl.io.FileSystemService, class com.almasb.fxgl.localization.LocalizationService, class com.almasb.fxgl.app.services.FXGLAssetLoaderService, class com.almasb.fxgl.app.services.SystemBundleService, class com.almasb.fxgl.profile.SaveLoadService, class com.almasb.fxgl.ui.FXGLUIFactoryServiceProvider, class com.almasb.fxgl.ui.FXGLDialogFactoryServiceProvider, class com.almasb.fxgl.audio.AudioPlayer, class com.almasb.fxgl.notification.impl.NotificationServiceProvider, class com.almasb.fxgl.achievement.AchievementService, class com.almasb.fxgl.cutscene.CutsceneService, class com.almasb.fxgl.minigames.MiniGameService, class com.almasb.fxgl.net.NetService, class com.almasb.fxgl.app.services.UpdaterService, class com.almasb.fxgl.dev.DevService]
17:36:50.004 [FXGL Background Thread 3 ] DEBUG Engine               - fontGame: Abel-Regular.ttf
17:36:50.004 [FXGL Background Thread 3 ] DEBUG Engine               - fontMono: lucida_console.ttf
17:36:50.004 [FXGL Background Thread 3 ] DEBUG Engine               - fontText: Courier-Prime.ttf
17:36:50.004 [FXGL Background Thread 3 ] DEBUG Engine               - fontUI: pong.ttf
17:36:50.005 [FXGL Background Thread 3 ] DEBUG Engine               - fullScreen: BooleanProperty [value: false]
17:36:50.005 [FXGL Background Thread 3 ] DEBUG Engine               - gameDifficulty: MEDIUM
17:36:50.005 [FXGL Background Thread 3 ] DEBUG Engine               - gameDifficultyProperty: ObjectProperty [value: MEDIUM]
17:36:50.005 [FXGL Background Thread 3 ] DEBUG Engine               - globalMusicVolume: 0.5
17:36:50.005 [FXGL Background Thread 3 ] DEBUG Engine               - globalMusicVolumeProperty: DoubleProperty [value: 0.5]
17:36:50.005 [FXGL Background Thread 3 ] DEBUG Engine               - globalSoundVolume: 0.5
17:36:50.005 [FXGL Background Thread 3 ] DEBUG Engine               - globalSoundVolumeProperty: DoubleProperty [value: 0.5]
17:36:50.005 [FXGL Background Thread 3 ] DEBUG Engine               - height: 600
17:36:50.005 [FXGL Background Thread 3 ] DEBUG Engine               - isAndroid: false
17:36:50.005 [FXGL Background Thread 3 ] DEBUG Engine               - isBrowser: false
17:36:50.005 [FXGL Background Thread 3 ] DEBUG Engine               - isClickFeedbackEnabled: false
17:36:50.005 [FXGL Background Thread 3 ] DEBUG Engine               - isCloseConfirmation: false
17:36:50.006 [FXGL Background Thread 3 ] DEBUG Engine               - isDesktop: true
17:36:50.006 [FXGL Background Thread 3 ] DEBUG Engine               - isDeveloperMenuEnabled: false
17:36:50.006 [FXGL Background Thread 3 ] DEBUG Engine               - isEntityPreloadEnabled: true
17:36:50.006 [FXGL Background Thread 3 ] DEBUG Engine               - isExperimentalNative: false
17:36:50.006 [FXGL Background Thread 3 ] DEBUG Engine               - isExperimentalTiledLargeMap: false
17:36:50.006 [FXGL Background Thread 3 ] DEBUG Engine               - isFileSystemWriteAllowed: true
17:36:50.006 [FXGL Background Thread 3 ] DEBUG Engine               - isFullScreenAllowed: false
17:36:50.006 [FXGL Background Thread 3 ] DEBUG Engine               - isFullScreenFromStart: false
17:36:50.006 [FXGL Background Thread 3 ] DEBUG Engine               - isGameMenuEnabled: true
17:36:50.006 [FXGL Background Thread 3 ] DEBUG Engine               - isIOS: false
17:36:50.006 [FXGL Background Thread 3 ] DEBUG Engine               - isIntroEnabled: false
17:36:50.006 [FXGL Background Thread 3 ] DEBUG Engine               - isLinux: false
17:36:50.006 [FXGL Background Thread 3 ] DEBUG Engine               - isMac: false
17:36:50.006 [FXGL Background Thread 3 ] DEBUG Engine               - isMainMenuEnabled: false
17:36:50.007 [FXGL Background Thread 3 ] DEBUG Engine               - isManualResizeEnabled: false
17:36:50.007 [FXGL Background Thread 3 ] DEBUG Engine               - isMobile: false
17:36:50.007 [FXGL Background Thread 3 ] DEBUG Engine               - isPreserveResizeRatio: false
17:36:50.007 [FXGL Background Thread 3 ] DEBUG Engine               - isProfilingEnabled: false
17:36:50.007 [FXGL Background Thread 3 ] DEBUG Engine               - isSingleStep: false
17:36:50.007 [FXGL Background Thread 3 ] DEBUG Engine               - isUserProfileEnabled: false
17:36:50.007 [FXGL Background Thread 3 ] DEBUG Engine               - isWindows: true
17:36:50.007 [FXGL Background Thread 3 ] DEBUG Engine               - language: ObjectProperty [value: ENGLISH]
17:36:50.007 [FXGL Background Thread 3 ] DEBUG Engine               - menuKey: ESCAPE
17:36:50.007 [FXGL Background Thread 3 ] DEBUG Engine               - notificationViewClass: class com.almasb.fxgl.notification.view.XboxNotificationView
17:36:50.007 [FXGL Background Thread 3 ] DEBUG Engine               - pixelsPerMeter: 50.0
17:36:50.007 [FXGL Background Thread 3 ] DEBUG Engine               - platform: WINDOWS
17:36:50.007 [FXGL Background Thread 3 ] DEBUG Engine               - profileDir: profiles/
17:36:50.008 [FXGL Background Thread 3 ] DEBUG Engine               - profileName: StringProperty [value: DEFAULT]
17:36:50.008 [FXGL Background Thread 3 ] DEBUG Engine               - randomSeed: -1
17:36:50.008 [FXGL Background Thread 3 ] DEBUG Engine               - runtimeInfo: RuntimeInfo(platform=WINDOWS, version=11.11, build=08.09.2020 18.00)
17:36:50.008 [FXGL Background Thread 3 ] DEBUG Engine               - saveFileExt: sav
17:36:50.008 [FXGL Background Thread 3 ] DEBUG Engine               - sceneFactory: com.almasb.fxgl.app.scene.SceneFactory@71ed743c
17:36:50.008 [FXGL Background Thread 3 ] DEBUG Engine               - secondsIn24h: 60
17:36:50.008 [FXGL Background Thread 3 ] DEBUG Engine               - soundMenuBack: menu/back.wav
17:36:50.008 [FXGL Background Thread 3 ] DEBUG Engine               - soundMenuPress: menu/press.wav
17:36:50.008 [FXGL Background Thread 3 ] DEBUG Engine               - soundMenuSelect: menu/select.wav
17:36:50.008 [FXGL Background Thread 3 ] DEBUG Engine               - soundNotification: core/notification.wav
17:36:50.008 [FXGL Background Thread 3 ] DEBUG Engine               - stageStyle: DECORATED
17:36:50.008 [FXGL Background Thread 3 ] DEBUG Engine               - supportedLanguages: [ENGLISH, FRENCH, GERMAN, HUNGARIAN, RUSSIAN]
17:36:50.008 [FXGL Background Thread 3 ] DEBUG Engine               - title: Pong
17:36:50.008 [FXGL Background Thread 3 ] DEBUG Engine               - urlGithub: https://github.com/AlmasB/FXGL
17:36:50.009 [FXGL Background Thread 3 ] DEBUG Engine               - urlLeaderboard: http://fxgl-top.herokuapp.com/
17:36:50.009 [FXGL Background Thread 3 ] DEBUG Engine               - urlPOM: https://raw.githubusercontent.com/AlmasB/FXGL/master/pom.xml
17:36:50.009 [FXGL Background Thread 3 ] DEBUG Engine               - version: 1.0
17:36:50.009 [FXGL Background Thread 3 ] DEBUG Engine               - versionCheckDays: 7
17:36:50.009 [FXGL Background Thread 3 ] DEBUG Engine               - width: 800
17:36:50.009 [FXGL Background Thread 3 ] DEBUG Engine               - Logging services
17:36:50.009 [FXGL Background Thread 3 ] DEBUG Engine               - class com.almasb.fxgl.app.FXGLApplication$GameApplicationService
17:36:50.009 [FXGL Background Thread 3 ] DEBUG Engine               - class com.almasb.fxgl.app.services.FXGLDialogService
17:36:50.009 [FXGL Background Thread 3 ] DEBUG Engine               - class com.almasb.fxgl.app.services.IOTaskExecutorService
17:36:50.009 [FXGL Background Thread 3 ] DEBUG Engine               - class com.almasb.fxgl.event.EventBusService
17:36:50.009 [FXGL Background Thread 3 ] DEBUG Engine               - class com.almasb.fxgl.io.FileSystemService
17:36:50.009 [FXGL Background Thread 3 ] DEBUG Engine               - class com.almasb.fxgl.localization.LocalizationService
17:36:50.009 [FXGL Background Thread 3 ] DEBUG Engine               - class com.almasb.fxgl.app.services.FXGLAssetLoaderService
17:36:50.009 [FXGL Background Thread 3 ] DEBUG Engine               - class com.almasb.fxgl.app.services.SystemBundleService
17:36:50.009 [FXGL Background Thread 3 ] DEBUG Engine               - class com.almasb.fxgl.profile.SaveLoadService
17:36:50.010 [FXGL Background Thread 3 ] DEBUG Engine               - class com.almasb.fxgl.ui.FXGLUIFactoryServiceProvider
17:36:50.010 [FXGL Background Thread 3 ] DEBUG Engine               - class com.almasb.fxgl.ui.FXGLDialogFactoryServiceProvider
17:36:50.010 [FXGL Background Thread 3 ] DEBUG Engine               - class com.almasb.fxgl.audio.AudioPlayer
17:36:50.010 [FXGL Background Thread 3 ] DEBUG Engine               - class com.almasb.fxgl.notification.impl.NotificationServiceProvider
17:36:50.010 [FXGL Background Thread 3 ] DEBUG Engine               - class com.almasb.fxgl.achievement.AchievementService
17:36:50.010 [FXGL Background Thread 3 ] DEBUG Engine               - class com.almasb.fxgl.cutscene.CutsceneService
17:36:50.010 [FXGL Background Thread 3 ] DEBUG Engine               - class com.almasb.fxgl.minigames.MiniGameService
17:36:50.010 [FXGL Background Thread 3 ] DEBUG Engine               - class com.almasb.fxgl.net.NetService
17:36:50.010 [FXGL Background Thread 3 ] DEBUG Engine               - class com.almasb.fxgl.app.services.UpdaterService
17:36:50.010 [FXGL Background Thread 3 ] DEBUG Engine               - class com.almasb.fxgl.dev.DevService
17:36:54.285 [Thread-3                 ] DEBUG Endpoint             - TCPServer opening new connection (1) from /127.0.0.1:50231 type: class java.lang.String
17:36:54.288 [Thread-3                 ] DEBUG Endpoint             - TCPServer successfully opened connection (1)
17:36:54.292 [TCPServer_SendThread-1   ] DEBUG Writers              - Getting TCPMessageWriter for class java.lang.String
17:36:54.294 [TCPServer_RecvThread-1   ] DEBUG Readers              - Getting TCPMessageReader for class java.lang.String
17:36:54.295 [TCPServer_SendThread-1   ] DEBUG Writers              - Constructed TCPMessageWriter for class java.lang.String: MessageWriterS
17:36:54.295 [TCPServer_RecvThread-1   ] DEBUG Readers              - Constructed MessageReader for class java.lang.String: MessageReaderS
17:36:55.200 [JavaFX Application Thread] DEBUG Input                - Mocking key press: W
17:36:55.417 [JavaFX Application Thread] DEBUG Input                - Mocking key release: W
17:36:56.133 [JavaFX Application Thread] DEBUG Input                - Mocking key press: W
17:36:56.237 [JavaFX Application Thread] DEBUG Input                - Mocking key release: W
17:36:56.812 [JavaFX Application Thread] DEBUG Input                - Mocking key press: A
17:36:57.009 [JavaFX Application Thread] DEBUG Input                - Mocking key release: A
17:36:57.315 [JavaFX Application Thread] DEBUG Input                - Mocking key press: W
17:36:57.504 [JavaFX Application Thread] DEBUG Input                - Mocking key release: W
17:36:57.856 [JavaFX Application Thread] DEBUG Input                - Mocking key press: A
17:36:57.968 [JavaFX Application Thread] DEBUG Input                - Mocking key release: A
17:36:58.844 [JavaFX Application Thread] DEBUG Input                - Mocking key press: A
17:36:59.159 [JavaFX Application Thread] DEBUG Input                - Mocking key press: W
17:36:59.265 [JavaFX Application Thread] DEBUG Input                - Mocking key release: W
17:36:59.311 [JavaFX Application Thread] DEBUG Input                - Mocking key release: A
17:36:59.359 [JavaFX Application Thread] DEBUG Input                - Mocking key press: A
17:36:59.456 [JavaFX Application Thread] DEBUG Input                - Mocking key release: A
17:36:59.918 [JavaFX Application Thread] DEBUG Input                - Mocking key press: A
17:37:00.018 [JavaFX Application Thread] DEBUG Input                - Mocking key press: W
17:37:00.176 [JavaFX Application Thread] DEBUG Input                - Mocking key release: A
17:37:00.225 [JavaFX Application Thread] DEBUG Input                - Mocking key release: W
17:37:00.723 [JavaFX Application Thread] DEBUG Input                - Mocking key press: D
17:37:00.882 [JavaFX Application Thread] DEBUG Input                - Mocking key release: D
17:37:01.183 [JavaFX Application Thread] DEBUG Input                - Mocking key press: W
17:37:01.396 [JavaFX Application Thread] DEBUG Input                - Mocking key release: W
17:37:02.032 [JavaFX Application Thread] DEBUG Input                - Mocking key press: W
17:37:02.228 [JavaFX Application Thread] DEBUG Input                - Mocking key release: W
17:37:02.717 [JavaFX Application Thread] DEBUG Input                - Mocking key press: D
17:37:02.919 [JavaFX Application Thread] DEBUG Input                - Mocking key release: D
17:37:03.238 [JavaFX Application Thread] DEBUG Input                - Mocking key press: W
17:37:03.441 [JavaFX Application Thread] DEBUG Input                - Mocking key release: W
17:37:03.997 [JavaFX Application Thread] DEBUG Input                - Mocking key press: D
17:37:04.261 [JavaFX Application Thread] DEBUG Input                - Mocking key release: D
17:37:04.559 [JavaFX Application Thread] DEBUG Input                - Mocking key press: A
17:37:04.661 [JavaFX Application Thread] DEBUG Input                - Mocking key press: W
17:37:04.928 [JavaFX Application Thread] DEBUG Input                - Mocking key release: W
17:37:04.928 [JavaFX Application Thread] DEBUG Input                - Mocking key release: A
17:37:05.468 [JavaFX Application Thread] DEBUG Input                - Mocking key press: A
17:37:05.667 [JavaFX Application Thread] DEBUG Input                - Mocking key release: A
17:37:06.559 [JavaFX Application Thread] DEBUG Input                - Mocking key press: W
17:37:06.722 [JavaFX Application Thread] DEBUG Input                - Mocking key release: W
17:37:07.129 [JavaFX Application Thread] DEBUG Input                - Mocking key press: A
17:37:07.235 [JavaFX Application Thread] DEBUG Input                - Mocking key release: A
17:37:07.890 [JavaFX Application Thread] DEBUG Input                - Mocking key press: A
17:37:07.890 [JavaFX Application Thread] DEBUG Input                - Mocking key press: W
17:37:07.987 [JavaFX Application Thread] DEBUG Input                - Mocking key release: A
17:37:08.037 [JavaFX Application Thread] DEBUG Input                - Mocking key release: W
17:37:08.607 [JavaFX Application Thread] DEBUG Input                - Mocking key press: W
17:37:08.801 [JavaFX Application Thread] DEBUG Input                - Mocking key press: D
17:37:09.000 [JavaFX Application Thread] DEBUG Input                - Mocking key release: D
17:37:09.058 [JavaFX Application Thread] DEBUG Input                - Mocking key release: W
17:37:09.623 [JavaFX Application Thread] DEBUG Input                - Mocking key press: A
17:37:09.623 [JavaFX Application Thread] DEBUG Input                - Mocking key press: W
17:37:10.033 [JavaFX Application Thread] DEBUG Input                - Mocking key release: W
17:37:10.182 [JavaFX Application Thread] DEBUG Input                - Mocking key release: A
17:37:10.625 [JavaFX Application Thread] DEBUG Input                - Mocking key press: W
17:37:10.838 [JavaFX Application Thread] DEBUG Input                - Mocking key press: D
17:37:10.989 [JavaFX Application Thread] DEBUG Input                - Mocking key release: D
17:37:11.097 [JavaFX Application Thread] DEBUG Input                - Mocking key release: W
17:37:11.642 [JavaFX Application Thread] DEBUG Input                - Mocking key press: A
17:37:11.747 [JavaFX Application Thread] DEBUG Input                - Mocking key press: W
17:37:12.187 [JavaFX Application Thread] DEBUG Input                - Mocking key release: W
17:37:12.235 [JavaFX Application Thread] DEBUG Input                - Mocking key release: A
17:37:12.840 [JavaFX Application Thread] DEBUG Input                - Mocking key press: W
17:37:13.015 [JavaFX Application Thread] DEBUG Input                - Mocking key press: A
17:37:13.167 [JavaFX Application Thread] DEBUG Input                - Mocking key release: A
17:37:13.218 [JavaFX Application Thread] DEBUG Input                - Mocking key release: W
17:37:13.891 [JavaFX Application Thread] DEBUG Input                - Mocking key press: D
17:37:13.947 [JavaFX Application Thread] DEBUG Input                - Mocking key press: W
17:37:14.264 [JavaFX Application Thread] DEBUG Input                - Mocking key release: W
17:37:14.318 [JavaFX Application Thread] DEBUG Input                - Mocking key release: D
17:37:14.951 [JavaFX Application Thread] DEBUG Input                - Mocking key press: W
17:37:15.109 [JavaFX Application Thread] DEBUG Input                - Mocking key release: W
17:37:15.151 [JavaFX Application Thread] DEBUG Input                - Mocking key press: W
17:37:15.252 [JavaFX Application Thread] DEBUG Input                - Mocking key release: W
17:37:15.354 [JavaFX Application Thread] DEBUG Input                - Mocking key press: W
17:37:17.229 [JavaFX Application Thread] DEBUG Input                - Mocking key release: W
17:37:17.801 [JavaFX Application Thread] DEBUG Input                - Mocking key press: D
17:37:18.023 [JavaFX Application Thread] DEBUG Input                - Mocking key press: W
17:37:18.239 [JavaFX Application Thread] DEBUG Input                - Mocking key release: W
17:37:18.336 [JavaFX Application Thread] DEBUG Input                - Mocking key release: D
17:37:20.910 [JavaFX Application Thread] DEBUG FXGLApplication      - Exiting FXGL
17:37:20.911 [JavaFX Application Thread] DEBUG LoopRunner           - Stopping loop
17:37:20.911 [JavaFX Application Thread] DEBUG SystemBundleService  - Saving FXGL system data
17:37:20.912 [JavaFX Application Thread] DEBUG FileSystemAccess     - Writing to: C:\Users\poppy\3rd year\CI628-PongServer-master\system\fxgl.bundle
17:37:20.913 [JavaFX Application Thread] DEBUG Async                - Shutting down background threads
17:37:20.913 [JavaFX Application Thread] DEBUG MainWindow           - Closing main window
17:37:20.921 [JavaFX Application Thread] DEBUG Logger               - Closing Logger
